================================================================================
MapTool Debug Log - 2025-11-27 17:42:43
================================================================================

[17:42:43.450] ✓ Debug log initialized: D:\HuyenThietKiem\Bin\Server\MapTool_Debug_20251127_174243.log
[17:42:43.450] === MapTool Started ===
[17:42:43.450] Executable: D:\HuyenThietKiem\Bin\Server\MapTool.exe
[17:42:43.451] Working Directory: D:\HuyenThietKiem\Bin\Server
[17:42:43.451] Log file: D:\HuyenThietKiem\Bin\Server\MapTool_Debug_20251127_174243.log
[17:42:43.451] --------------------------------------------------------------------------------
[17:42:43.451] Default folder set: D:\HuyenThietKiem\Bin\Server
[17:42:58.527] --------------------------------------------------------------------------------
[17:42:58.527] 📂 LOADING MAP
[17:42:58.527]    Map ID: 11
[17:42:58.527]    Game Folder: D:\HuyenThietKiem\Bin\Server\Bin1\Server
[17:42:58.527]    Mode: Server
[17:42:58.527] --------------------------------------------------------------------------------
[17:43:08.104] --------------------------------------------------------------------------------
[17:43:08.104] 📂 LOADING MAP
[17:43:08.104]    Map ID: 11
[17:43:08.104]    Game Folder: D:\HuyenThietKiem\Bin\Server
[17:43:08.104]    Mode: Server
[17:43:08.104] --------------------------------------------------------------------------------
[17:43:08.322] --------------------------------------------------------------------------------
[17:43:08.322] 🔍 PARSED RECT FROM .WOR FILE
[17:43:08.322]    rect = 165,141,215,172
[17:43:08.322]    Grid size: 51 x 32 regions
[17:43:08.322]    First region coords: (165, 141)
[17:43:08.322]    First RegionID (Y*256+X): 141*256 + 165 = 36261
[17:43:08.322] --------------------------------------------------------------------------------
[17:43:08.322] --------------------------------------------------------------------------------
[17:43:08.322] 🔍 SCANNING FOR REGION FILES
[17:43:08.322]    Looking for regions from (165,141) to (215,172)
[17:43:08.322]    ✗ Missing region (3d,3d) | Expected: maps\西南北区\成都\成都\v_141\165_Region_S.dat
[17:43:08.322]    ✗ Missing region (3d,3d) | Expected: maps\西南北区\成都\成都\v_141\166_Region_S.dat
[17:43:08.322]    ✗ Missing region (3d,3d) | Expected: maps\西南北区\成都\成都\v_141\167_Region_S.dat
[17:43:08.322]    ✗ Missing region (3d,3d) | Expected: maps\西南北区\成都\成都\v_141\168_Region_S.dat
[17:43:08.322]    ✗ Missing region (3d,3d) | Expected: maps\西南北区\成都\成都\v_141\169_Region_S.dat
[17:43:08.338]    ✓ Found region (3d,3d) → RegionID=41409 | File: maps\西南北区\成都\成都\v_161\193_Region_S.dat
[17:43:08.342] --------------------------------------------------------------------------------
[17:43:08.342] 📊 REGION SCAN SUMMARY
[17:43:08.342]    Attempted: 1632 regions
[17:43:08.342]    Loaded: 1 regions
[17:43:08.342]    Missing: 1631 regions
[17:43:08.342]    First missing: (165,141), (166,141), (167,141), (168,141), (169,141)
[17:43:08.342]    First existing: (193,161)
[17:43:08.342] --------------------------------------------------------------------------------
[17:43:08.342] ⚠ WARNING: DATA MISMATCH DETECTED!
[17:43:08.342]    Only 1/1632 regions loaded (0.1%)
[17:43:08.342]    .wor expects: (165,141) to (215,172)
[17:43:08.342]    Actual regions: Starting around (193,161)
[17:43:08.342] 
[17:43:08.342]    This means your .wor file doesn't match your region files!
[17:43:08.342]    The exported RegionIDs will be WRONG for trap placement.
[17:43:08.342] 
[17:43:08.342]    📝 SOLUTION:
[17:43:08.342]    Compare with Bin/Server/library/maps/Trap/11.txt to see correct RegionIDs
[17:43:08.342]    You may need to extract correct map files from original game data
[17:43:08.342] --------------------------------------------------------------------------------
[17:43:08.342] --------------------------------------------------------------------------------
[17:43:08.342] ✓ Map loaded successfully!
[17:43:08.342]    Name: Th祅h Й
[17:43:08.342]    Folder: 西南北区\成都\成都
[17:43:08.342]    Regions loaded: 1
[17:43:08.342]    First region: (193, 161) RegionID=41409
[17:43:08.342] --------------------------------------------------------------------------------
