================================================================================
MapTool Debug Log - 2025-11-30 17:58:03
================================================================================

[17:58:03.450] ✓ Debug log initialized: D:\HuyenThietKiem\SwordOnline\Sources\Tool\MapTool\bin\Release\net48\MapTool_Debug_20251130_175803.log
[17:58:03.450] === MapTool Started ===
[17:58:03.450] Executable: D:\HuyenThietKiem\SwordOnline\Sources\Tool\MapTool\bin\Release\net48\MapTool.exe
[17:58:03.450] Working Directory: D:\HuyenThietKiem\SwordOnline\Sources\Tool\MapTool\bin\Release\net48
[17:58:03.450] Log file: D:\HuyenThietKiem\SwordOnline\Sources\Tool\MapTool\bin\Release\net48\MapTool_Debug_20251130_175803.log
[17:58:03.450] --------------------------------------------------------------------------------
[17:58:03.450] Default folder set: D:\HuyenThietKiem\Bin\Server
[17:58:06.239] --------------------------------------------------------------------------------
[17:58:06.239] 📂 LOADING MAP
[17:58:06.239]    Map ID: 11
[17:58:06.240]    Game Folder: D:\HuyenThietKiem\Bin\Server
[17:58:06.240]    Mode: Server
[17:58:06.240] --------------------------------------------------------------------------------
[17:58:06.480] --------------------------------------------------------------------------------
[17:58:06.480] 🔍 PARSED RECT FROM .WOR FILE
[17:58:06.480]    rect = 165,142,215,172
[17:58:06.480]    Grid size: 51 x 31 regions
[17:58:06.480]    First region coords: (165, 142)
[17:58:06.480]    First RegionID (Y*256+X): 142*256 + 165 = 36517
[17:58:06.480] --------------------------------------------------------------------------------
[17:58:06.480] --------------------------------------------------------------------------------
[17:58:06.480] 🔍 SCANNING FOR REGION FILES
[17:58:06.480]    Looking for regions from (165,142) to (215,172)
[17:58:06.480]    ✗ Missing region (3d,3d) | Expected: maps\西南北区\成都\成都\v_142\165_Region_S.dat
[17:58:06.480]    ✗ Missing region (3d,3d) | Expected: maps\西南北区\成都\成都\v_142\166_Region_S.dat
[17:58:06.480]    ✗ Missing region (3d,3d) | Expected: maps\西南北区\成都\成都\v_142\167_Region_S.dat
[17:58:06.480]    ✗ Missing region (3d,3d) | Expected: maps\西南北区\成都\成都\v_142\168_Region_S.dat
[17:58:06.480]    ✗ Missing region (3d,3d) | Expected: maps\西南北区\成都\成都\v_142\169_Region_S.dat
[17:58:06.487]    ✓ Found region (3d,3d) → RegionID=36557 | File: maps\西南北区\成都\成都\v_142\205_Region_S.dat
[17:58:06.487]    ✓ Found region (3d,3d) → RegionID=36558 | File: maps\西南北区\成都\成都\v_142\206_Region_S.dat
[17:58:06.487]    ✓ Found region (3d,3d) → RegionID=36559 | File: maps\西南北区\成都\成都\v_142\207_Region_S.dat
[17:58:06.487]    ✓ Found region (3d,3d) → RegionID=36807 | File: maps\西南北区\成都\成都\v_143\199_Region_S.dat
[17:58:06.487]    ✓ Found region (3d,3d) → RegionID=36808 | File: maps\西南北区\成都\成都\v_143\200_Region_S.dat
[17:58:06.490]    ⚠ Error loading (206,143): Unable to read beyond the end of the stream.
[17:58:06.490]    ⚠ Error loading (206,144): Unable to read beyond the end of the stream.
[17:58:06.490]    ⚠ Error loading (175,149): Unable to read beyond the end of the stream.
[17:58:06.490]    ⚠ Error loading (176,149): Unable to read beyond the end of the stream.
[17:58:06.490]    ⚠ Error loading (175,150): Unable to read beyond the end of the stream.
[17:58:06.490]    ⚠ Error loading (176,150): Unable to read beyond the end of the stream.
[17:58:06.498]    ⚠ Error loading (188,154): Unable to read beyond the end of the stream.
[17:58:06.500]    ⚠ Error loading (205,155): Unable to read beyond the end of the stream.
[17:58:06.500]    ⚠ Error loading (205,156): Unable to read beyond the end of the stream.
[17:58:06.500]    ⚠ Error loading (177,158): Unable to read beyond the end of the stream.
[17:58:06.500]    ⚠ Error loading (203,158): Unable to read beyond the end of the stream.
[17:58:06.500]    ⚠ Error loading (177,159): Unable to read beyond the end of the stream.
[17:58:06.500]    ⚠ Error loading (186,160): Unable to read beyond the end of the stream.
[17:58:06.500]    ⚠ Error loading (200,163): Unable to read beyond the end of the stream.
[17:58:06.500]    ⚠ Error loading (201,163): Unable to read beyond the end of the stream.
[17:58:06.512]    ⚠ Error loading (212,165): Unable to read beyond the end of the stream.
[17:58:06.512]    ⚠ Error loading (213,165): Unable to read beyond the end of the stream.
[17:58:06.512]    ⚠ Error loading (169,166): Unable to read beyond the end of the stream.
[17:58:06.512]    ⚠ Error loading (212,166): Unable to read beyond the end of the stream.
[17:58:06.512]    ⚠ Error loading (213,166): Unable to read beyond the end of the stream.
[17:58:06.512]    ⚠ Error loading (169,167): Unable to read beyond the end of the stream.
[17:58:06.512]    ⚠ Error loading (202,169): Unable to read beyond the end of the stream.
[17:58:06.512]    ⚠ Error loading (201,170): Unable to read beyond the end of the stream.
[17:58:06.512]    ⚠ Error loading (202,170): Unable to read beyond the end of the stream.
[17:58:06.518] --------------------------------------------------------------------------------
[17:58:06.518] 📊 REGION SCAN SUMMARY
[17:58:06.518]    Attempted: 1581 regions
[17:58:06.518]    Loaded: 803 regions
[17:58:06.518]    Missing: 778 regions
[17:58:06.518]    First missing: (165,142), (166,142), (167,142), (168,142), (169,142)
[17:58:06.518]    First existing: (205,142), (206,142), (207,142), (199,143), (200,143)
[17:58:06.518] --------------------------------------------------------------------------------
[17:58:06.518] 🖼️  LOADING MAP IMAGE
[17:58:06.518]    Map ID: 11
[17:58:06.518]    Folder Path: 西南北区\成都\成都
[17:58:06.518]    Image Path: \maps\西南北区\成都\成都24.jpg
[17:58:06.518]    Disk Path (Unicode): D:\HuyenThietKiem\Bin\Server\maps\西南北区\成都\成都24.jpg
[17:58:06.518]    Disk Exists (direct): False
[17:58:06.518]    🔍 Searching with filesystem enumeration (handles GB2312 encoding)...
[17:58:06.518]       Expected directory: maps\西南北区\成都
[17:58:06.520]       Expected filename: 成都24.jpg
[17:58:06.520]       🔍 Match strategy: Direct Unicode
[17:58:06.520]       ✓ Found: maps → maps
[17:58:06.520]       🔍 Match strategy: GB2312 re-decode (Default→GB2312)
[17:58:06.520]          Original: 'Î÷ÄÏ±±Çø' → Decoded: '西南北区'
[17:58:06.520]       ✓ Found: 西南北区 → Î÷ÄÏ±±Çø
[17:58:06.520]       🔍 Match strategy: GB2312 re-decode (Default→GB2312)
[17:58:06.520]          Original: '³É¶¼' → Decoded: '成都'
[17:58:06.520]       ✓ Found: 成都 → ³É¶¼
[17:58:06.520]       📁 Navigated to: D:\HuyenThietKiem\Bin\Server\maps\Î÷ÄÏ±±Çø\³É¶¼
[17:58:06.520]       🔍 Looking for file: 成都24.jpg
[17:58:06.520]       ✓ File match: GB2312 re-decode
[17:58:06.520]          Original: '³É¶¼24.jpg' → Decoded: '成都24.jpg'
[17:58:06.520]    ✓ Found image via enumeration: D:\HuyenThietKiem\Bin\Server\maps\Î÷ÄÏ±±Çø\³É¶¼\³É¶¼24.jpg
[17:58:06.520] ✓ Loading image from DISK (via filesystem enumeration)
[17:58:06.520] ✓ Loaded map image from disk (enumerated): D:\HuyenThietKiem\Bin\Server\maps\Î÷ÄÏ±±Çø\³É¶¼\³É¶¼24.jpg
[17:58:06.520]    Size: 572,772 bytes
[17:58:06.520]    Offset: (5280, 4544) pixels
[17:58:06.520] --------------------------------------------------------------------------------
[17:58:06.520] ✓ Map loaded successfully!
[17:58:06.520]    Name: Th祅h Й
[17:58:06.520]    Folder: 西南北区\成都\成都
[17:58:06.520]    Regions loaded: 803
[17:58:06.520]    First region: (205, 142) RegionID=36557
[17:58:06.520] --------------------------------------------------------------------------------
[17:58:06.552] [ScreenToMapCoordinate] Screen(538,253) → Map(538,253) → World(8608,8096) → Region(16,7) Cell(13,29) ID=1808
[17:58:06.552]   Zoom=1.00, ViewOffset=(0,0)
[17:58:06.620] [ScreenToMapCoordinate] Screen(538,253) → Map(5818,4797) → World(93088,153504) → Region(181,149) Cell(13,29) ID=38325
[17:58:06.620]   Zoom=1.00, ViewOffset=(5280,4544)
[17:58:07.011] [ScreenToMapCoordinate] Screen(537,254) → Map(5817,4798) → World(93072,153536) → Region(181,149) Cell(12,30) ID=38325
[17:58:07.011]   Zoom=1.00, ViewOffset=(5280,4544)
[17:58:07.041] [ScreenToMapCoordinate] Screen(536,255) → Map(5816,4799) → World(93056,153568) → Region(181,149) Cell(12,31) ID=38325
[17:58:07.041]   Zoom=1.00, ViewOffset=(5280,4544)
[17:58:07.046] [ScreenToMapCoordinate] Screen(535,258) → Map(5815,4802) → World(93040,153664) → Region(181,150) Cell(11,2) ID=38581
[17:58:07.046]   Zoom=1.00, ViewOffset=(5280,4544)
[17:58:07.061] [ScreenToMapCoordinate] Screen(532,259) → Map(5812,4803) → World(92992,153696) → Region(181,150) Cell(10,3) ID=38581
[17:58:07.061]   Zoom=1.00, ViewOffset=(5280,4544)
[17:58:07.082] [ScreenToMapCoordinate] Screen(526,263) → Map(5806,4807) → World(92896,153824) → Region(181,150) Cell(7,7) ID=38581
[17:58:07.082]   Zoom=1.00, ViewOffset=(5280,4544)
[17:58:07.093] [ScreenToMapCoordinate] Screen(520,266) → Map(5800,4810) → World(92800,153920) → Region(181,150) Cell(4,10) ID=38581
[17:58:07.093]   Zoom=1.00, ViewOffset=(5280,4544)
[17:58:07.112] [ScreenToMapCoordinate] Screen(509,270) → Map(5789,4814) → World(92624,154048) → Region(180,150) Cell(14,14) ID=38580
[17:58:07.112]   Zoom=1.00, ViewOffset=(5280,4544)
[17:58:07.128] [ScreenToMapCoordinate] Screen(495,276) → Map(5775,4820) → World(92400,154240) → Region(180,150) Cell(7,20) ID=38580
[17:58:07.128]   Zoom=1.00, ViewOffset=(5280,4544)
[17:58:07.148] [ScreenToMapCoordinate] Screen(481,282) → Map(5761,4826) → World(92176,154432) → Region(180,150) Cell(0,26) ID=38580
[17:58:07.148]   Zoom=1.00, ViewOffset=(5280,4544)
[17:58:07.160] [ScreenToMapCoordinate] Screen(470,287) → Map(5750,4831) → World(92000,154592) → Region(179,150) Cell(11,31) ID=38579
[17:58:07.160]   Zoom=1.00, ViewOffset=(5280,4544)
[17:58:07.177] [ScreenToMapCoordinate] Screen(464,290) → Map(5744,4834) → World(91904,154688) → Region(179,151) Cell(8,2) ID=38835
[17:58:07.177]   Zoom=1.00, ViewOffset=(5280,4544)
[17:58:07.193] [ScreenToMapCoordinate] Screen(459,293) → Map(5739,4837) → World(91824,154784) → Region(179,151) Cell(5,5) ID=38835
[17:58:07.193]   Zoom=1.00, ViewOffset=(5280,4544)
[17:58:07.212] [ScreenToMapCoordinate] Screen(458,294) → Map(5738,4838) → World(91808,154816) → Region(179,151) Cell(5,6) ID=38835
[17:58:07.212]   Zoom=1.00, ViewOffset=(5280,4544)
[17:58:07.350] [ScreenToMapCoordinate] Screen(458,295) → Map(5738,4839) → World(91808,154848) → Region(179,151) Cell(5,7) ID=38835
[17:58:07.350]   Zoom=1.00, ViewOffset=(5280,4544)
[17:58:07.410] [ScreenToMapCoordinate] Screen(457,296) → Map(5737,4840) → World(91792,154880) → Region(179,151) Cell(4,8) ID=38835
[17:58:07.410]   Zoom=1.00, ViewOffset=(5280,4544)
[17:58:07.431] [ScreenToMapCoordinate] Screen(456,296) → Map(5736,4840) → World(91776,154880) → Region(179,151) Cell(4,8) ID=38835
[17:58:07.431]   Zoom=1.00, ViewOffset=(5280,4544)
[17:58:07.444] [ScreenToMapCoordinate] Screen(449,296) → Map(5729,4840) → World(91664,154880) → Region(179,151) Cell(0,8) ID=38835
[17:58:07.444]   Zoom=1.00, ViewOffset=(5280,4544)
[17:58:07.460] [ScreenToMapCoordinate] Screen(441,296) → Map(5721,4840) → World(91536,154880) → Region(178,151) Cell(12,8) ID=38834
[17:58:07.460]   Zoom=1.00, ViewOffset=(5280,4544)
[17:58:07.480] [ScreenToMapCoordinate] Screen(428,296) → Map(5708,4840) → World(91328,154880) → Region(178,151) Cell(6,8) ID=38834
[17:58:07.480]   Zoom=1.00, ViewOffset=(5280,4544)
[17:58:07.495] [ScreenToMapCoordinate] Screen(422,296) → Map(5702,4840) → World(91232,154880) → Region(178,151) Cell(3,8) ID=38834
[17:58:07.495]   Zoom=1.00, ViewOffset=(5280,4544)
[17:58:07.509] [ScreenToMapCoordinate] Screen(418,296) → Map(5698,4840) → World(91168,154880) → Region(178,151) Cell(1,8) ID=38834
[17:58:07.509]   Zoom=1.00, ViewOffset=(5280,4544)
[17:58:07.535] [ScreenToMapCoordinate] Screen(415,296) → Map(5695,4840) → World(91120,154880) → Region(177,151) Cell(15,8) ID=38833
[17:58:07.535]   Zoom=1.00, ViewOffset=(5280,4544)
[17:58:07.545] [ScreenToMapCoordinate] Screen(413,296) → Map(5693,4840) → World(91088,154880) → Region(177,151) Cell(14,8) ID=38833
[17:58:07.545]   Zoom=1.00, ViewOffset=(5280,4544)
[17:58:07.560] [ScreenToMapCoordinate] Screen(412,296) → Map(5692,4840) → World(91072,154880) → Region(177,151) Cell(14,8) ID=38833
[17:58:07.560]   Zoom=1.00, ViewOffset=(5280,4544)
[17:58:07.576] [ScreenToMapCoordinate] Screen(410,296) → Map(5690,4840) → World(91040,154880) → Region(177,151) Cell(13,8) ID=38833
[17:58:07.576]   Zoom=1.00, ViewOffset=(5280,4544)
[17:58:07.598] [ScreenToMapCoordinate] Screen(409,296) → Map(5689,4840) → World(91024,154880) → Region(177,151) Cell(12,8) ID=38833
[17:58:07.598]   Zoom=1.00, ViewOffset=(5280,4544)
[17:58:07.610] [ScreenToMapCoordinate] Screen(408,296) → Map(5688,4840) → World(91008,154880) → Region(177,151) Cell(12,8) ID=38833
[17:58:07.610]   Zoom=1.00, ViewOffset=(5280,4544)
[17:58:07.620] [ScreenToMapCoordinate] Screen(405,296) → Map(5685,4840) → World(90960,154880) → Region(177,151) Cell(10,8) ID=38833
[17:58:07.620]   Zoom=1.00, ViewOffset=(5280,4544)
[17:58:07.640] [ScreenToMapCoordinate] Screen(404,296) → Map(5684,4840) → World(90944,154880) → Region(177,151) Cell(10,8) ID=38833
[17:58:07.640]   Zoom=1.00, ViewOffset=(5280,4544)
[17:58:07.661] [ScreenToMapCoordinate] Screen(403,296) → Map(5683,4840) → World(90928,154880) → Region(177,151) Cell(9,8) ID=38833
[17:58:07.661]   Zoom=1.00, ViewOffset=(5280,4544)
[17:58:07.698] [ScreenToMapCoordinate] Screen(399,296) → Map(5679,4840) → World(90864,154880) → Region(177,151) Cell(7,8) ID=38833
[17:58:07.698]   Zoom=1.00, ViewOffset=(5280,4544)
[17:58:07.711] [ScreenToMapCoordinate] Screen(397,296) → Map(5677,4840) → World(90832,154880) → Region(177,151) Cell(6,8) ID=38833
[17:58:07.711]   Zoom=1.00, ViewOffset=(5280,4544)
[17:58:07.727] [ScreenToMapCoordinate] Screen(396,296) → Map(5676,4840) → World(90816,154880) → Region(177,151) Cell(6,8) ID=38833
[17:58:07.727]   Zoom=1.00, ViewOffset=(5280,4544)
[17:58:07.747] [ScreenToMapCoordinate] Screen(395,296) → Map(5675,4840) → World(90800,154880) → Region(177,151) Cell(5,8) ID=38833
[17:58:07.747]   Zoom=1.00, ViewOffset=(5280,4544)
[17:58:07.767] [ScreenToMapCoordinate] Screen(393,296) → Map(5673,4840) → World(90768,154880) → Region(177,151) Cell(4,8) ID=38833
[17:58:07.770]   Zoom=1.00, ViewOffset=(5280,4544)
[17:58:07.910] [ScreenToMapCoordinate] Screen(393,296) → Map(5673,4840) → World(90768,154880) → Region(177,151) Cell(4,8) ID=38833
[17:58:07.910]   Zoom=1.00, ViewOffset=(5280,4544)
[17:58:08.010] [ScreenToMapCoordinate] Screen(393,296) → Map(5673,4840) → World(90768,154880) → Region(177,151) Cell(4,8) ID=38833
[17:58:08.010]   Zoom=1.00, ViewOffset=(5280,4544)
[17:58:08.084] [ScreenToMapCoordinate] Screen(393,296) → Map(5673,4840) → World(90768,154880) → Region(177,151) Cell(4,8) ID=38833
[17:58:08.084]   Zoom=1.00, ViewOffset=(5280,4544)
[17:58:08.180] [Trap Added] Region(177,151) GlobalID=38833 LocalID=471 Cell(4,8)
[17:58:08.194] [ScreenToMapCoordinate] Screen(393,296) → Map(5673,4840) → World(90768,154880) → Region(177,151) Cell(4,8) ID=38833
[17:58:08.194]   Zoom=1.00, ViewOffset=(5280,4544)
[17:58:08.700] [ScreenToMapCoordinate] Screen(392,298) → Map(5672,4842) → World(90752,154944) → Region(177,151) Cell(4,10) ID=38833
[17:58:08.700]   Zoom=1.00, ViewOffset=(5280,4544)
[17:58:08.881] [ScreenToMapCoordinate] Screen(392,299) → Map(5672,4843) → World(90752,154976) → Region(177,151) Cell(4,11) ID=38833
[17:58:08.881]   Zoom=1.00, ViewOffset=(5280,4544)
[17:58:08.960] [ScreenToMapCoordinate] Screen(392,300) → Map(5672,4844) → World(90752,155008) → Region(177,151) Cell(4,12) ID=38833
[17:58:08.960]   Zoom=1.00, ViewOffset=(5280,4544)
[17:58:09.375] [ScreenToMapCoordinate] Screen(392,301) → Map(5672,4845) → World(90752,155040) → Region(177,151) Cell(4,13) ID=38833
[17:58:09.375]   Zoom=1.00, ViewOffset=(5280,4544)
[17:58:09.396] [ScreenToMapCoordinate] Screen(392,303) → Map(5672,4847) → World(90752,155104) → Region(177,151) Cell(4,15) ID=38833
[17:58:09.396]   Zoom=1.00, ViewOffset=(5280,4544)
[17:58:09.406] [ScreenToMapCoordinate] Screen(393,303) → Map(5673,4847) → World(90768,155104) → Region(177,151) Cell(4,15) ID=38833
[17:58:09.406]   Zoom=1.00, ViewOffset=(5280,4544)
[17:58:09.426] [ScreenToMapCoordinate] Screen(395,305) → Map(5675,4849) → World(90800,155168) → Region(177,151) Cell(5,17) ID=38833
[17:58:09.426]   Zoom=1.00, ViewOffset=(5280,4544)
[17:58:09.440] [ScreenToMapCoordinate] Screen(399,306) → Map(5679,4850) → World(90864,155200) → Region(177,151) Cell(7,18) ID=38833
[17:58:09.440]   Zoom=1.00, ViewOffset=(5280,4544)
[17:58:09.460] [ScreenToMapCoordinate] Screen(406,307) → Map(5686,4851) → World(90976,155232) → Region(177,151) Cell(11,19) ID=38833
[17:58:09.460]   Zoom=1.00, ViewOffset=(5280,4544)
[17:58:09.475] [ScreenToMapCoordinate] Screen(426,312) → Map(5706,4856) → World(91296,155392) → Region(178,151) Cell(5,24) ID=38834
[17:58:09.475]   Zoom=1.00, ViewOffset=(5280,4544)
[17:58:09.496] [ScreenToMapCoordinate] Screen(450,315) → Map(5730,4859) → World(91680,155488) → Region(179,151) Cell(1,27) ID=38835
[17:58:09.496]   Zoom=1.00, ViewOffset=(5280,4544)
[17:58:09.511] [ScreenToMapCoordinate] Screen(486,323) → Map(5766,4867) → World(92256,155744) → Region(180,152) Cell(3,3) ID=39092
[17:58:09.511]   Zoom=1.00, ViewOffset=(5280,4544)
[17:58:09.526] [ScreenToMapCoordinate] Screen(550,339) → Map(5830,4883) → World(93280,156256) → Region(182,152) Cell(3,19) ID=39094
[17:58:09.526]   Zoom=1.00, ViewOffset=(5280,4544)
[17:58:09.546] [ScreenToMapCoordinate] Screen(637,373) → Map(5917,4917) → World(94672,157344) → Region(184,153) Cell(14,21) ID=39352
[17:58:09.546]   Zoom=1.00, ViewOffset=(5280,4544)
[17:58:09.556] [ScreenToMapCoordinate] Screen(738,410) → Map(6018,4954) → World(96288,158528) → Region(188,154) Cell(1,26) ID=39612
[17:58:09.556]   Zoom=1.00, ViewOffset=(5280,4544)
[17:58:11.296] [ScreenToMapCoordinate] Screen(729,500) → Map(6009,5044) → World(96144,161408) → Region(187,157) Cell(12,20) ID=40379
[17:58:11.296]   Zoom=1.00, ViewOffset=(5280,4544)
[17:58:11.317] [ScreenToMapCoordinate] Screen(711,496) → Map(5991,5040) → World(95856,161280) → Region(187,157) Cell(3,16) ID=40379
[17:58:11.317]   Zoom=1.00, ViewOffset=(5280,4544)
[17:58:11.335] [ScreenToMapCoordinate] Screen(691,492) → Map(5971,5036) → World(95536,161152) → Region(186,157) Cell(9,12) ID=40378
[17:58:11.335]   Zoom=1.00, ViewOffset=(5280,4544)
[17:58:11.345] [ScreenToMapCoordinate] Screen(675,486) → Map(5955,5030) → World(95280,160960) → Region(186,157) Cell(1,6) ID=40378
[17:58:11.345]   Zoom=1.00, ViewOffset=(5280,4544)
[17:58:11.361] [ScreenToMapCoordinate] Screen(659,480) → Map(5939,5024) → World(95024,160768) → Region(185,157) Cell(9,0) ID=40377
[17:58:11.361]   Zoom=1.00, ViewOffset=(5280,4544)
[17:58:11.382] [ScreenToMapCoordinate] Screen(642,469) → Map(5922,5013) → World(94752,160416) → Region(185,156) Cell(1,21) ID=40121
[17:58:11.382]   Zoom=1.00, ViewOffset=(5280,4544)
[17:58:11.396] [ScreenToMapCoordinate] Screen(618,455) → Map(5898,4999) → World(94368,159968) → Region(184,156) Cell(5,7) ID=40120
[17:58:11.396]   Zoom=1.00, ViewOffset=(5280,4544)
[17:58:11.411] [ScreenToMapCoordinate] Screen(590,440) → Map(5870,4984) → World(93920,159488) → Region(183,155) Cell(7,24) ID=39863
[17:58:11.411]   Zoom=1.00, ViewOffset=(5280,4544)
[17:58:11.426] [ScreenToMapCoordinate] Screen(562,423) → Map(5842,4967) → World(93472,158944) → Region(182,155) Cell(9,7) ID=39862
[17:58:11.426]   Zoom=1.00, ViewOffset=(5280,4544)
[17:58:11.445] [ScreenToMapCoordinate] Screen(536,406) → Map(5816,4950) → World(93056,158400) → Region(181,154) Cell(12,22) ID=39605
[17:58:11.445]   Zoom=1.00, ViewOffset=(5280,4544)
[17:58:11.460] [ScreenToMapCoordinate] Screen(513,390) → Map(5793,4934) → World(92688,157888) → Region(181,154) Cell(0,6) ID=39605
[17:58:11.460]   Zoom=1.00, ViewOffset=(5280,4544)
[17:58:11.480] [ScreenToMapCoordinate] Screen(495,376) → Map(5775,4920) → World(92400,157440) → Region(180,153) Cell(7,24) ID=39348
[17:58:11.480]   Zoom=1.00, ViewOffset=(5280,4544)
[17:58:11.490] [ScreenToMapCoordinate] Screen(472,360) → Map(5752,4904) → World(92032,156928) → Region(179,153) Cell(12,8) ID=39347
[17:58:11.490]   Zoom=1.00, ViewOffset=(5280,4544)
[17:58:11.511] [ScreenToMapCoordinate] Screen(461,352) → Map(5741,4896) → World(91856,156672) → Region(179,153) Cell(6,0) ID=39347
[17:58:11.511]   Zoom=1.00, ViewOffset=(5280,4544)
[17:58:11.527] [ScreenToMapCoordinate] Screen(450,346) → Map(5730,4890) → World(91680,156480) → Region(179,152) Cell(1,26) ID=39091
[17:58:11.527]   Zoom=1.00, ViewOffset=(5280,4544)
[17:58:11.548] [ScreenToMapCoordinate] Screen(443,341) → Map(5723,4885) → World(91568,156320) → Region(178,152) Cell(13,21) ID=39090
[17:58:11.548]   Zoom=1.00, ViewOffset=(5280,4544)
[17:58:11.562] [ScreenToMapCoordinate] Screen(439,339) → Map(5719,4883) → World(91504,156256) → Region(178,152) Cell(11,19) ID=39090
[17:58:11.562]   Zoom=1.00, ViewOffset=(5280,4544)
[17:58:11.582] [ScreenToMapCoordinate] Screen(436,336) → Map(5716,4880) → World(91456,156160) → Region(178,152) Cell(10,16) ID=39090
[17:58:11.584]   Zoom=1.00, ViewOffset=(5280,4544)
[17:58:11.607] [ScreenToMapCoordinate] Screen(432,335) → Map(5712,4879) → World(91392,156128) → Region(178,152) Cell(8,15) ID=39090
[17:58:11.607]   Zoom=1.00, ViewOffset=(5280,4544)
[17:58:11.612] [ScreenToMapCoordinate] Screen(429,333) → Map(5709,4877) → World(91344,156064) → Region(178,152) Cell(6,13) ID=39090
[17:58:11.612]   Zoom=1.00, ViewOffset=(5280,4544)
[17:58:11.630] [ScreenToMapCoordinate] Screen(425,330) → Map(5705,4874) → World(91280,155968) → Region(178,152) Cell(4,10) ID=39090
[17:58:11.630]   Zoom=1.00, ViewOffset=(5280,4544)
[17:58:11.647] [ScreenToMapCoordinate] Screen(423,329) → Map(5703,4873) → World(91248,155936) → Region(178,152) Cell(3,9) ID=39090
[17:58:11.647]   Zoom=1.00, ViewOffset=(5280,4544)
[17:58:11.663] [ScreenToMapCoordinate] Screen(422,327) → Map(5702,4871) → World(91232,155872) → Region(178,152) Cell(3,7) ID=39090
[17:58:11.663]   Zoom=1.00, ViewOffset=(5280,4544)
[17:58:11.684] [ScreenToMapCoordinate] Screen(422,326) → Map(5702,4870) → World(91232,155840) → Region(178,152) Cell(3,6) ID=39090
[17:58:11.684]   Zoom=1.00, ViewOffset=(5280,4544)
[17:58:11.693] [ScreenToMapCoordinate] Screen(421,323) → Map(5701,4867) → World(91216,155744) → Region(178,152) Cell(2,3) ID=39090
[17:58:11.693]   Zoom=1.00, ViewOffset=(5280,4544)
[17:58:11.720] [ScreenToMapCoordinate] Screen(421,322) → Map(5701,4866) → World(91216,155712) → Region(178,152) Cell(2,2) ID=39090
[17:58:11.720]   Zoom=1.00, ViewOffset=(5280,4544)
[17:58:11.730] [ScreenToMapCoordinate] Screen(419,321) → Map(5699,4865) → World(91184,155680) → Region(178,152) Cell(1,1) ID=39090
[17:58:11.730]   Zoom=1.00, ViewOffset=(5280,4544)
[17:58:11.740] [ScreenToMapCoordinate] Screen(418,319) → Map(5698,4863) → World(91168,155616) → Region(178,151) Cell(1,31) ID=38834
[17:58:11.740]   Zoom=1.00, ViewOffset=(5280,4544)
[17:58:11.760] [ScreenToMapCoordinate] Screen(418,318) → Map(5698,4862) → World(91168,155584) → Region(178,151) Cell(1,30) ID=38834
[17:58:11.760]   Zoom=1.00, ViewOffset=(5280,4544)
[17:58:11.780] [ScreenToMapCoordinate] Screen(417,316) → Map(5697,4860) → World(91152,155520) → Region(178,151) Cell(0,28) ID=38834
[17:58:11.780]   Zoom=1.00, ViewOffset=(5280,4544)
[17:58:11.794] [ScreenToMapCoordinate] Screen(417,315) → Map(5697,4859) → World(91152,155488) → Region(178,151) Cell(0,27) ID=38834
[17:58:11.794]   Zoom=1.00, ViewOffset=(5280,4544)
[17:58:11.815] [ScreenToMapCoordinate] Screen(417,313) → Map(5697,4857) → World(91152,155424) → Region(178,151) Cell(0,25) ID=38834
[17:58:11.815]   Zoom=1.00, ViewOffset=(5280,4544)
[17:58:11.830] [ScreenToMapCoordinate] Screen(416,312) → Map(5696,4856) → World(91136,155392) → Region(178,151) Cell(0,24) ID=38834
[17:58:11.830]   Zoom=1.00, ViewOffset=(5280,4544)
[17:58:11.846] [ScreenToMapCoordinate] Screen(416,310) → Map(5696,4854) → World(91136,155328) → Region(178,151) Cell(0,22) ID=38834
[17:58:11.846]   Zoom=1.00, ViewOffset=(5280,4544)
[17:58:11.870] [ScreenToMapCoordinate] Screen(415,309) → Map(5695,4853) → World(91120,155296) → Region(177,151) Cell(15,21) ID=38833
[17:58:11.870]   Zoom=1.00, ViewOffset=(5280,4544)
[17:58:11.910] [ScreenToMapCoordinate] Screen(413,308) → Map(5693,4852) → World(91088,155264) → Region(177,151) Cell(14,20) ID=38833
[17:58:11.910]   Zoom=1.00, ViewOffset=(5280,4544)
[17:58:12.450] [ScreenToMapCoordinate] Screen(415,308) → Map(5695,4852) → World(91120,155264) → Region(177,151) Cell(15,20) ID=38833
[17:58:12.450]   Zoom=1.00, ViewOffset=(5280,4544)
[17:58:12.460] [ScreenToMapCoordinate] Screen(421,308) → Map(5701,4852) → World(91216,155264) → Region(178,151) Cell(2,20) ID=38834
[17:58:12.460]   Zoom=1.00, ViewOffset=(5280,4544)
[17:58:12.480] [ScreenToMapCoordinate] Screen(449,306) → Map(5729,4850) → World(91664,155200) → Region(179,151) Cell(0,18) ID=38835
[17:58:12.480]   Zoom=1.00, ViewOffset=(5280,4544)
[17:58:12.490] [ScreenToMapCoordinate] Screen(485,299) → Map(5765,4843) → World(92240,154976) → Region(180,151) Cell(2,11) ID=38836
[17:58:12.490]   Zoom=1.00, ViewOffset=(5280,4544)
[17:58:12.515] [ScreenToMapCoordinate] Screen(544,287) → Map(5824,4831) → World(93184,154592) → Region(182,150) Cell(0,31) ID=38582
[17:58:12.515]   Zoom=1.00, ViewOffset=(5280,4544)
[17:58:12.530] [ScreenToMapCoordinate] Screen(619,270) → Map(5899,4814) → World(94384,154048) → Region(184,150) Cell(5,14) ID=38584
[17:58:12.530]   Zoom=1.00, ViewOffset=(5280,4544)
[17:58:12.540] [ScreenToMapCoordinate] Screen(700,254) → Map(5980,4798) → World(95680,153536) → Region(186,149) Cell(14,30) ID=38330
[17:58:12.540]   Zoom=1.00, ViewOffset=(5280,4544)
[17:58:13.680] [ScreenToMapCoordinate] Screen(743,110) → Map(6023,4654) → World(96368,148928) → Region(188,145) Cell(3,14) ID=37308
[17:58:13.680]   Zoom=1.00, ViewOffset=(5280,4544)
[17:58:13.700] [ScreenToMapCoordinate] Screen(740,110) → Map(6020,4654) → World(96320,148928) → Region(188,145) Cell(2,14) ID=37308
[17:58:13.700]   Zoom=1.00, ViewOffset=(5280,4544)
[17:58:13.734] [ScreenToMapCoordinate] Screen(739,110) → Map(6019,4654) → World(96304,148928) → Region(188,145) Cell(1,14) ID=37308
[17:58:13.734]   Zoom=1.00, ViewOffset=(5280,4544)
[17:58:14.200] [ScreenToMapCoordinate] Screen(739,109) → Map(6019,4653) → World(96304,148896) → Region(188,145) Cell(1,13) ID=37308
[17:58:14.200]   Zoom=1.00, ViewOffset=(5280,4544)
[17:58:14.341] [ScreenToMapCoordinate] Screen(739,109) → Map(6019,4653) → World(96304,148896) → Region(188,145) Cell(1,13) ID=37308
[17:58:14.341]   Zoom=1.00, ViewOffset=(5280,4544)
[17:58:14.480] [ScreenToMapCoordinate] Screen(739,112) → Map(6019,4656) → World(96304,148992) → Region(188,145) Cell(1,16) ID=37308
[17:58:14.480]   Zoom=1.00, ViewOffset=(5280,4544)
[17:58:14.486] [ScreenToMapCoordinate] Screen(740,113) → Map(6020,4657) → World(96320,149024) → Region(188,145) Cell(2,17) ID=37308
[17:58:14.486]   Zoom=1.00, ViewOffset=(5280,4544)
[17:58:14.496] [ScreenToMapCoordinate] Screen(743,114) → Map(6023,4658) → World(96368,149056) → Region(188,145) Cell(3,18) ID=37308
[17:58:14.496]   Zoom=1.00, ViewOffset=(5280,4544)
[17:58:15.480] --------------------------------------------------------------------------------
[17:58:15.480] 📂 LOADING MAP
[17:58:15.480]    Map ID: 21
[17:58:15.480]    Game Folder: D:\HuyenThietKiem\Bin\Server
[17:58:15.480]    Mode: Server
[17:58:15.480] --------------------------------------------------------------------------------
[17:58:15.705] --------------------------------------------------------------------------------
[17:58:15.705] 🔍 PARSED RECT FROM .WOR FILE
[17:58:15.705]    rect = 100,100,183,141
[17:58:15.705]    Grid size: 84 x 42 regions
[17:58:15.705]    First region coords: (100, 100)
[17:58:15.705]    First RegionID (Y*256+X): 100*256 + 100 = 25700
[17:58:15.705] --------------------------------------------------------------------------------
[17:58:15.705] --------------------------------------------------------------------------------
[17:58:15.705] 🔍 SCANNING FOR REGION FILES
[17:58:15.705]    Looking for regions from (100,100) to (183,141)
[17:58:15.705]    ✗ Missing region (3d,3d) | Expected: maps\西南北区\青城山\青城山\v_100\100_Region_S.dat
[17:58:15.705]    ✗ Missing region (3d,3d) | Expected: maps\西南北区\青城山\青城山\v_100\101_Region_S.dat
[17:58:15.705]    ✗ Missing region (3d,3d) | Expected: maps\西南北区\青城山\青城山\v_100\102_Region_S.dat
[17:58:15.705]    ✗ Missing region (3d,3d) | Expected: maps\西南北区\青城山\青城山\v_100\103_Region_S.dat
[17:58:15.705]    ✗ Missing region (3d,3d) | Expected: maps\西南北区\青城山\青城山\v_100\104_Region_S.dat
[17:58:15.710]    ✓ Found region (3d,3d) → RegionID=25756 | File: maps\西南北区\青城山\青城山\v_100\156_Region_S.dat
[17:58:15.710]    ✓ Found region (3d,3d) → RegionID=25757 | File: maps\西南北区\青城山\青城山\v_100\157_Region_S.dat
[17:58:15.710]    ✓ Found region (3d,3d) → RegionID=25758 | File: maps\西南北区\青城山\青城山\v_100\158_Region_S.dat
[17:58:15.710]    ✓ Found region (3d,3d) → RegionID=25759 | File: maps\西南北区\青城山\青城山\v_100\159_Region_S.dat
[17:58:15.710]    ✓ Found region (3d,3d) → RegionID=25760 | File: maps\西南北区\青城山\青城山\v_100\160_Region_S.dat
[17:58:15.735]    ⚠ Error loading (107,120): Unable to read beyond the end of the stream.
[17:58:15.735]    ⚠ Error loading (129,120): Unable to read beyond the end of the stream.
[17:58:15.741]    ⚠ Error loading (107,121): Unable to read beyond the end of the stream.
[17:58:15.741]    ⚠ Error loading (178,121): Unable to read beyond the end of the stream.
[17:58:15.741]    ⚠ Error loading (140,122): Unable to read beyond the end of the stream.
[17:58:15.761]    ⚠ Error loading (123,135): Unable to read beyond the end of the stream.
[17:58:15.770]    ⚠ Error loading (164,140): Unable to read beyond the end of the stream.
[17:58:15.770]    ⚠ Error loading (163,141): Unable to read beyond the end of the stream.
[17:58:15.770]    ⚠ Error loading (164,141): Unable to read beyond the end of the stream.
[17:58:15.770] --------------------------------------------------------------------------------
[17:58:15.770] 📊 REGION SCAN SUMMARY
[17:58:15.770]    Attempted: 3528 regions
[17:58:15.770]    Loaded: 1122 regions
[17:58:15.770]    Missing: 2406 regions
[17:58:15.770]    First missing: (100,100), (101,100), (102,100), (103,100), (104,100)
[17:58:15.770]    First existing: (156,100), (157,100), (158,100), (159,100), (160,100)
[17:58:15.770] --------------------------------------------------------------------------------
[17:58:15.770] 🖼️  LOADING MAP IMAGE
[17:58:15.770]    Map ID: 21
[17:58:15.770]    Folder Path: 西南北区\青城山\青城山
[17:58:15.770]    Image Path: \maps\西南北区\青城山\青城山24.jpg
[17:58:15.770]    Disk Path (Unicode): D:\HuyenThietKiem\Bin\Server\maps\西南北区\青城山\青城山24.jpg
[17:58:15.770]    Disk Exists (direct): False
[17:58:15.770]    🔍 Searching with filesystem enumeration (handles GB2312 encoding)...
[17:58:15.770]       Expected directory: maps\西南北区\青城山
[17:58:15.770]       Expected filename: 青城山24.jpg
[17:58:15.770]       🔍 Match strategy: Direct Unicode
[17:58:15.770]       ✓ Found: maps → maps
[17:58:15.770]       🔍 Match strategy: GB2312 re-decode (Default→GB2312)
[17:58:15.770]          Original: 'Î÷ÄÏ±±Çø' → Decoded: '西南北区'
[17:58:15.770]       ✓ Found: 西南北区 → Î÷ÄÏ±±Çø
[17:58:15.770]       🔍 Match strategy: GB2312 re-decode (Default→GB2312)
[17:58:15.770]          Original: 'Çà³ÇÉ½' → Decoded: '青城山'
[17:58:15.770]       ✓ Found: 青城山 → Çà³ÇÉ½
[17:58:15.770]       📁 Navigated to: D:\HuyenThietKiem\Bin\Server\maps\Î÷ÄÏ±±Çø\Çà³ÇÉ½
[17:58:15.770]       🔍 Looking for file: 青城山24.jpg
[17:58:15.770]       ✓ File match: GB2312 re-decode
[17:58:15.770]          Original: 'Çà³ÇÉ½24.jpg' → Decoded: '青城山24.jpg'
[17:58:15.770]    ✓ Found image via enumeration: D:\HuyenThietKiem\Bin\Server\maps\Î÷ÄÏ±±Çø\Çà³ÇÉ½\Çà³ÇÉ½24.jpg
[17:58:15.770] ✓ Loading image from DISK (via filesystem enumeration)
[17:58:15.770] ✓ Loaded map image from disk (enumerated): D:\HuyenThietKiem\Bin\Server\maps\Î÷ÄÏ±±Çø\Çà³ÇÉ½\Çà³ÇÉ½24.jpg
[17:58:15.770]    Size: 502,476 bytes
[17:58:15.770]    Offset: (3200, 3200) pixels
[17:58:15.770] --------------------------------------------------------------------------------
[17:58:15.770] ✓ Map loaded successfully!
[17:58:15.770]    Name: Thanh Th祅h S琻
[17:58:15.770]    Folder: 西南北区\青城山\青城山
[17:58:15.770]    Regions loaded: 1122
[17:58:15.770]    First region: (156, 100) RegionID=25756
[17:58:15.770] --------------------------------------------------------------------------------
[17:58:15.820] [ScreenToMapCoordinate] Screen(695,353) → Map(5975,4897) → World(95600,156704) → Region(186,153) Cell(11,1) ID=39354
[17:58:15.820]   Zoom=1.00, ViewOffset=(5280,4544)
[17:58:15.870] [ScreenToMapCoordinate] Screen(666,369) → Map(3866,3569) → World(61856,114208) → Region(120,111) Cell(13,17) ID=28536
[17:58:15.870]   Zoom=1.00, ViewOffset=(3200,3200)
[17:58:15.881] [ScreenToMapCoordinate] Screen(657,372) → Map(3857,3572) → World(61712,114304) → Region(120,111) Cell(8,20) ID=28536
[17:58:15.881]   Zoom=1.00, ViewOffset=(3200,3200)
[17:58:15.896] [ScreenToMapCoordinate] Screen(647,374) → Map(3847,3574) → World(61552,114368) → Region(120,111) Cell(3,22) ID=28536
[17:58:15.896]   Zoom=1.00, ViewOffset=(3200,3200)
[17:58:15.910] [ScreenToMapCoordinate] Screen(642,375) → Map(3842,3575) → World(61472,114400) → Region(120,111) Cell(1,23) ID=28536
[17:58:15.910]   Zoom=1.00, ViewOffset=(3200,3200)
[17:58:15.927] [ScreenToMapCoordinate] Screen(632,375) → Map(3832,3575) → World(61312,114400) → Region(119,111) Cell(12,23) ID=28535
[17:58:15.928]   Zoom=1.00, ViewOffset=(3200,3200)
[17:58:15.947] [ScreenToMapCoordinate] Screen(626,376) → Map(3826,3576) → World(61216,114432) → Region(119,111) Cell(9,24) ID=28535
[17:58:15.947]   Zoom=1.00, ViewOffset=(3200,3200)
[17:58:15.962] [ScreenToMapCoordinate] Screen(622,378) → Map(3822,3578) → World(61152,114496) → Region(119,111) Cell(7,26) ID=28535
[17:58:15.962]   Zoom=1.00, ViewOffset=(3200,3200)
[17:58:15.982] [ScreenToMapCoordinate] Screen(619,379) → Map(3819,3579) → World(61104,114528) → Region(119,111) Cell(5,27) ID=28535
[17:58:15.982]   Zoom=1.00, ViewOffset=(3200,3200)
[17:58:16.012] [ScreenToMapCoordinate] Screen(618,379) → Map(3818,3579) → World(61088,114528) → Region(119,111) Cell(5,27) ID=28535
[17:58:16.012]   Zoom=1.00, ViewOffset=(3200,3200)
[17:58:16.027] [ScreenToMapCoordinate] Screen(618,380) → Map(3818,3580) → World(61088,114560) → Region(119,111) Cell(5,28) ID=28535
[17:58:16.027]   Zoom=1.00, ViewOffset=(3200,3200)
[17:58:16.063] [ScreenToMapCoordinate] Screen(617,381) → Map(3817,3581) → World(61072,114592) → Region(119,111) Cell(4,29) ID=28535
[17:58:16.063]   Zoom=1.00, ViewOffset=(3200,3200)
[17:58:16.080] [ScreenToMapCoordinate] Screen(617,382) → Map(3817,3582) → World(61072,114624) → Region(119,111) Cell(4,30) ID=28535
[17:58:16.080]   Zoom=1.00, ViewOffset=(3200,3200)
[17:58:16.093] [ScreenToMapCoordinate] Screen(617,386) → Map(3817,3586) → World(61072,114752) → Region(119,112) Cell(4,2) ID=28791
[17:58:16.093]   Zoom=1.00, ViewOffset=(3200,3200)
[17:58:16.110] [ScreenToMapCoordinate] Screen(617,387) → Map(3817,3587) → World(61072,114784) → Region(119,112) Cell(4,3) ID=28791
[17:58:16.110]   Zoom=1.00, ViewOffset=(3200,3200)
[17:58:16.130] [ScreenToMapCoordinate] Screen(618,393) → Map(3818,3593) → World(61088,114976) → Region(119,112) Cell(5,9) ID=28791
[17:58:16.130]   Zoom=1.00, ViewOffset=(3200,3200)
[17:58:16.143] [ScreenToMapCoordinate] Screen(619,396) → Map(3819,3596) → World(61104,115072) → Region(119,112) Cell(5,12) ID=28791
[17:58:16.143]   Zoom=1.00, ViewOffset=(3200,3200)
[17:58:16.164] [ScreenToMapCoordinate] Screen(622,401) → Map(3822,3601) → World(61152,115232) → Region(119,112) Cell(7,17) ID=28791
[17:58:16.164]   Zoom=1.00, ViewOffset=(3200,3200)
[17:58:16.180] [ScreenToMapCoordinate] Screen(623,405) → Map(3823,3605) → World(61168,115360) → Region(119,112) Cell(7,21) ID=28791
[17:58:16.180]   Zoom=1.00, ViewOffset=(3200,3200)
[17:58:16.200] [ScreenToMapCoordinate] Screen(625,410) → Map(3825,3610) → World(61200,115520) → Region(119,112) Cell(8,26) ID=28791
[17:58:16.200]   Zoom=1.00, ViewOffset=(3200,3200)
[17:58:16.220] [ScreenToMapCoordinate] Screen(626,414) → Map(3826,3614) → World(61216,115648) → Region(119,112) Cell(9,30) ID=28791
[17:58:16.220]   Zoom=1.00, ViewOffset=(3200,3200)
[17:58:16.230] [ScreenToMapCoordinate] Screen(629,419) → Map(3829,3619) → World(61264,115808) → Region(119,113) Cell(10,3) ID=29047
[17:58:16.230]   Zoom=1.00, ViewOffset=(3200,3200)
[17:58:16.244] [ScreenToMapCoordinate] Screen(629,421) → Map(3829,3621) → World(61264,115872) → Region(119,113) Cell(10,5) ID=29047
[17:58:16.244]   Zoom=1.00, ViewOffset=(3200,3200)
[17:58:16.270] [ScreenToMapCoordinate] Screen(630,423) → Map(3830,3623) → World(61280,115936) → Region(119,113) Cell(11,7) ID=29047
[17:58:16.270]   Zoom=1.00, ViewOffset=(3200,3200)
[17:58:16.274] [ScreenToMapCoordinate] Screen(630,426) → Map(3830,3626) → World(61280,116032) → Region(119,113) Cell(11,10) ID=29047
[17:58:16.274]   Zoom=1.00, ViewOffset=(3200,3200)
[17:58:16.395] [ScreenToMapCoordinate] Screen(631,427) → Map(3831,3627) → World(61296,116064) → Region(119,113) Cell(11,11) ID=29047
[17:58:16.395]   Zoom=1.00, ViewOffset=(3200,3200)
[17:58:16.410] [ScreenToMapCoordinate] Screen(636,430) → Map(3836,3630) → World(61376,116160) → Region(119,113) Cell(14,14) ID=29047
[17:58:16.410]   Zoom=1.00, ViewOffset=(3200,3200)
[17:58:16.426] [ScreenToMapCoordinate] Screen(647,434) → Map(3847,3634) → World(61552,116288) → Region(120,113) Cell(3,18) ID=29048
[17:58:16.426]   Zoom=1.00, ViewOffset=(3200,3200)
[17:58:16.446] [ScreenToMapCoordinate] Screen(664,440) → Map(3864,3640) → World(61824,116480) → Region(120,113) Cell(12,24) ID=29048
[17:58:16.446]   Zoom=1.00, ViewOffset=(3200,3200)
[17:58:16.462] [ScreenToMapCoordinate] Screen(684,450) → Map(3884,3650) → World(62144,116800) → Region(121,114) Cell(6,2) ID=29305
[17:58:16.462]   Zoom=1.00, ViewOffset=(3200,3200)
[17:58:16.475] [ScreenToMapCoordinate] Screen(707,458) → Map(3907,3658) → World(62512,117056) → Region(122,114) Cell(1,10) ID=29306
[17:58:16.475]   Zoom=1.00, ViewOffset=(3200,3200)
[17:58:16.491] [ScreenToMapCoordinate] Screen(738,467) → Map(3938,3667) → World(63008,117344) → Region(123,114) Cell(1,19) ID=29307
[17:58:16.491]   Zoom=1.00, ViewOffset=(3200,3200)
[17:58:17.880] [ScreenToMapCoordinate] Screen(726,428) → Map(3926,3628) → World(62816,116096) → Region(122,113) Cell(11,12) ID=29050
[17:58:17.880]   Zoom=1.00, ViewOffset=(3200,3200)
[17:58:17.892] [ScreenToMapCoordinate] Screen(696,412) → Map(3896,3612) → World(62336,115584) → Region(121,112) Cell(12,28) ID=28793
[17:58:17.892]   Zoom=1.00, ViewOffset=(3200,3200)
[17:58:17.912] [ScreenToMapCoordinate] Screen(676,403) → Map(3876,3603) → World(62016,115296) → Region(121,112) Cell(2,19) ID=28793
[17:58:17.912]   Zoom=1.00, ViewOffset=(3200,3200)
[17:58:17.927] [ScreenToMapCoordinate] Screen(667,400) → Map(3867,3600) → World(61872,115200) → Region(120,112) Cell(13,16) ID=28792
[17:58:17.927]   Zoom=1.00, ViewOffset=(3200,3200)
[17:58:17.943] [ScreenToMapCoordinate] Screen(666,400) → Map(3866,3600) → World(61856,115200) → Region(120,112) Cell(13,16) ID=28792
[17:58:17.943]   Zoom=1.00, ViewOffset=(3200,3200)
[17:58:18.094] [ScreenToMapCoordinate] Screen(666,401) → Map(3866,3601) → World(61856,115232) → Region(120,112) Cell(13,17) ID=28792
[17:58:18.094]   Zoom=1.00, ViewOffset=(3200,3200)
[17:58:18.115] [ScreenToMapCoordinate] Screen(667,402) → Map(3867,3602) → World(61872,115264) → Region(120,112) Cell(13,18) ID=28792
[17:58:18.115]   Zoom=1.00, ViewOffset=(3200,3200)
[17:58:18.135] [ScreenToMapCoordinate] Screen(670,405) → Map(3870,3605) → World(61920,115360) → Region(120,112) Cell(15,21) ID=28792
[17:58:18.135]   Zoom=1.00, ViewOffset=(3200,3200)
[17:58:18.144] [ScreenToMapCoordinate] Screen(672,406) → Map(3872,3606) → World(61952,115392) → Region(121,112) Cell(0,22) ID=28793
[17:58:18.144]   Zoom=1.00, ViewOffset=(3200,3200)
[17:58:18.165] [ScreenToMapCoordinate] Screen(676,409) → Map(3876,3609) → World(62016,115488) → Region(121,112) Cell(2,25) ID=28793
[17:58:18.165]   Zoom=1.00, ViewOffset=(3200,3200)
[17:58:18.180] [ScreenToMapCoordinate] Screen(680,414) → Map(3880,3614) → World(62080,115648) → Region(121,112) Cell(4,30) ID=28793
[17:58:18.180]   Zoom=1.00, ViewOffset=(3200,3200)
[17:58:18.195] [ScreenToMapCoordinate] Screen(692,422) → Map(3892,3622) → World(62272,115904) → Region(121,113) Cell(10,6) ID=29049
[17:58:18.195]   Zoom=1.00, ViewOffset=(3200,3200)
[17:58:18.204] [ScreenToMapCoordinate] Screen(707,435) → Map(3907,3635) → World(62512,116320) → Region(122,113) Cell(1,19) ID=29050
[17:58:18.204]   Zoom=1.00, ViewOffset=(3200,3200)
[17:58:18.230] [ScreenToMapCoordinate] Screen(727,450) → Map(3927,3650) → World(62832,116800) → Region(122,114) Cell(11,2) ID=29306
[17:58:18.230]   Zoom=1.00, ViewOffset=(3200,3200)
[17:58:18.460] [ScreenToMapCoordinate] Screen(738,442) → Map(3938,3642) → World(63008,116544) → Region(123,113) Cell(1,26) ID=29051
[17:58:18.460]   Zoom=1.00, ViewOffset=(3200,3200)
[17:58:18.471] [ScreenToMapCoordinate] Screen(676,405) → Map(3876,3605) → World(62016,115360) → Region(121,112) Cell(2,21) ID=28793
[17:58:18.471]   Zoom=1.00, ViewOffset=(3200,3200)
[17:58:18.499] [ScreenToMapCoordinate] Screen(619,361) → Map(3819,3561) → World(61104,113952) → Region(119,111) Cell(5,9) ID=28535
[17:58:18.499]   Zoom=1.00, ViewOffset=(3200,3200)
[17:58:18.512] [ScreenToMapCoordinate] Screen(608,341) → Map(3808,3541) → World(60928,113312) → Region(119,110) Cell(0,21) ID=28279
[17:58:18.512]   Zoom=1.00, ViewOffset=(3200,3200)
[17:58:18.530] [ScreenToMapCoordinate] Screen(605,330) → Map(3805,3530) → World(60880,112960) → Region(118,110) Cell(14,10) ID=28278
[17:58:18.530]   Zoom=1.00, ViewOffset=(3200,3200)
[17:58:18.542] [ScreenToMapCoordinate] Screen(605,326) → Map(3805,3526) → World(60880,112832) → Region(118,110) Cell(14,6) ID=28278
[17:58:18.542]   Zoom=1.00, ViewOffset=(3200,3200)
[17:58:18.562] [ScreenToMapCoordinate] Screen(606,323) → Map(3806,3523) → World(60896,112736) → Region(118,110) Cell(15,3) ID=28278
[17:58:18.564]   Zoom=1.00, ViewOffset=(3200,3200)
[17:58:18.588] [ScreenToMapCoordinate] Screen(609,322) → Map(3809,3522) → World(60944,112704) → Region(119,110) Cell(0,2) ID=28279
[17:58:18.588]   Zoom=1.00, ViewOffset=(3200,3200)
[17:58:18.594] [ScreenToMapCoordinate] Screen(611,322) → Map(3811,3522) → World(60976,112704) → Region(119,110) Cell(1,2) ID=28279
[17:58:18.594]   Zoom=1.00, ViewOffset=(3200,3200)
[17:58:18.613] [ScreenToMapCoordinate] Screen(613,322) → Map(3813,3522) → World(61008,112704) → Region(119,110) Cell(2,2) ID=28279
[17:58:18.613]   Zoom=1.00, ViewOffset=(3200,3200)
[17:58:18.630] [ScreenToMapCoordinate] Screen(618,322) → Map(3818,3522) → World(61088,112704) → Region(119,110) Cell(5,2) ID=28279
[17:58:18.630]   Zoom=1.00, ViewOffset=(3200,3200)
[17:58:18.643] [ScreenToMapCoordinate] Screen(622,322) → Map(3822,3522) → World(61152,112704) → Region(119,110) Cell(7,2) ID=28279
[17:58:18.643]   Zoom=1.00, ViewOffset=(3200,3200)
[17:58:18.664] [ScreenToMapCoordinate] Screen(625,322) → Map(3825,3522) → World(61200,112704) → Region(119,110) Cell(8,2) ID=28279
[17:58:18.664]   Zoom=1.00, ViewOffset=(3200,3200)
[17:58:18.680] [ScreenToMapCoordinate] Screen(626,322) → Map(3826,3522) → World(61216,112704) → Region(119,110) Cell(9,2) ID=28279
[17:58:18.680]   Zoom=1.00, ViewOffset=(3200,3200)
[17:58:18.780] [ScreenToMapCoordinate] Screen(627,321) → Map(3827,3521) → World(61232,112672) → Region(119,110) Cell(9,1) ID=28279
[17:58:18.780]   Zoom=1.00, ViewOffset=(3200,3200)
[17:58:18.794] [ScreenToMapCoordinate] Screen(627,320) → Map(3827,3520) → World(61232,112640) → Region(119,110) Cell(9,0) ID=28279
[17:58:18.794]   Zoom=1.00, ViewOffset=(3200,3200)
[17:58:18.810] [ScreenToMapCoordinate] Screen(627,318) → Map(3827,3518) → World(61232,112576) → Region(119,109) Cell(9,30) ID=28023
[17:58:18.810]   Zoom=1.00, ViewOffset=(3200,3200)
[17:58:18.830] [ScreenToMapCoordinate] Screen(627,316) → Map(3827,3516) → World(61232,112512) → Region(119,109) Cell(9,28) ID=28023
[17:58:18.830]   Zoom=1.00, ViewOffset=(3200,3200)
[17:58:18.850] [ScreenToMapCoordinate] Screen(627,314) → Map(3827,3514) → World(61232,112448) → Region(119,109) Cell(9,26) ID=28023
[17:58:18.850]   Zoom=1.00, ViewOffset=(3200,3200)
[17:58:18.860] [ScreenToMapCoordinate] Screen(627,313) → Map(3827,3513) → World(61232,112416) → Region(119,109) Cell(9,25) ID=28023
[17:58:18.860]   Zoom=1.00, ViewOffset=(3200,3200)
[17:58:18.990] [ScreenToMapCoordinate] Screen(626,312) → Map(3826,3912) → World(61216,125184) → Region(119,122) Cell(9,8) ID=31351
[17:58:18.990]   Zoom=1.00, ViewOffset=(3200,3600)
[17:58:19.480] [ScreenToMapCoordinate] Screen(626,315) → Map(3826,4315) → World(61216,138080) → Region(119,134) Cell(9,27) ID=34423
[17:58:19.480]   Zoom=1.00, ViewOffset=(3200,4000)
[17:58:19.495] [ScreenToMapCoordinate] Screen(627,328) → Map(3827,4328) → World(61232,138496) → Region(119,135) Cell(9,8) ID=34679
[17:58:19.495]   Zoom=1.00, ViewOffset=(3200,4000)
[17:58:19.510] [ScreenToMapCoordinate] Screen(627,349) → Map(3827,4349) → World(61232,139168) → Region(119,135) Cell(9,29) ID=34679
[17:58:19.510]   Zoom=1.00, ViewOffset=(3200,4000)
[17:58:19.532] [ScreenToMapCoordinate] Screen(627,374) → Map(3827,4374) → World(61232,139968) → Region(119,136) Cell(9,22) ID=34935
[17:58:19.532]   Zoom=1.00, ViewOffset=(3200,4000)
[17:58:19.546] [ScreenToMapCoordinate] Screen(626,402) → Map(3826,4402) → World(61216,140864) → Region(119,137) Cell(9,18) ID=35191
[17:58:19.546]   Zoom=1.00, ViewOffset=(3200,4000)
[17:58:19.561] [ScreenToMapCoordinate] Screen(617,429) → Map(3817,4429) → World(61072,141728) → Region(119,138) Cell(4,13) ID=35447
[17:58:19.561]   Zoom=1.00, ViewOffset=(3200,4000)
[17:58:19.576] [ScreenToMapCoordinate] Screen(606,454) → Map(3806,4454) → World(60896,142528) → Region(118,139) Cell(15,6) ID=35702
[17:58:19.576]   Zoom=1.00, ViewOffset=(3200,4000)
[17:58:19.596] [ScreenToMapCoordinate] Screen(598,476) → Map(3798,4476) → World(60768,143232) → Region(118,139) Cell(11,28) ID=35702
[17:58:19.596]   Zoom=1.00, ViewOffset=(3200,4000)
[17:58:19.611] [ScreenToMapCoordinate] Screen(586,499) → Map(3786,4499) → World(60576,143968) → Region(118,140) Cell(5,19) ID=35958
[17:58:19.611]   Zoom=1.00, ViewOffset=(3200,4000)
[17:58:19.637] [ScreenToMapCoordinate] Screen(572,519) → Map(3772,4519) → World(60352,144608) → Region(117,141) Cell(14,7) ID=36213
[17:58:19.637]   Zoom=1.00, ViewOffset=(3200,4000)
[17:58:19.653] [ScreenToMapCoordinate] Screen(553,539) → Map(3753,4539) → World(60048,145248) → Region(117,141) Cell(4,27) ID=36213
[17:58:19.653]   Zoom=1.00, ViewOffset=(3200,4000)
[17:58:19.661] [ScreenToMapCoordinate] Screen(530,558) → Map(3730,4558) → World(59680,145856) → Region(116,142) Cell(9,14) ID=36468
[17:58:19.661]   Zoom=1.00, ViewOffset=(3200,4000)
[17:58:19.676] [ScreenToMapCoordinate] Screen(506,567) → Map(3706,4567) → World(59296,146144) → Region(115,142) Cell(13,23) ID=36467
[17:58:19.676]   Zoom=1.00, ViewOffset=(3200,4000)
[17:58:19.697] [ScreenToMapCoordinate] Screen(475,573) → Map(3675,4573) → World(58800,146336) → Region(114,142) Cell(13,29) ID=36466
[17:58:19.697]   Zoom=1.00, ViewOffset=(3200,4000)
[17:58:19.712] [ScreenToMapCoordinate] Screen(461,573) → Map(3661,4573) → World(58576,146336) → Region(114,142) Cell(6,29) ID=36466
[17:58:19.713]   Zoom=1.00, ViewOffset=(3200,4000)
[17:58:19.720] [ScreenToMapCoordinate] Screen(452,573) → Map(3652,4573) → World(58432,146336) → Region(114,142) Cell(2,29) ID=36466
[17:58:19.720]   Zoom=1.00, ViewOffset=(3200,4000)
[17:58:19.744] [ScreenToMapCoordinate] Screen(445,573) → Map(3645,4573) → World(58320,146336) → Region(113,142) Cell(14,29) ID=36465
[17:58:19.744]   Zoom=1.00, ViewOffset=(3200,4000)
[17:58:19.762] [ScreenToMapCoordinate] Screen(442,573) → Map(3642,4573) → World(58272,146336) → Region(113,142) Cell(13,29) ID=36465
[17:58:19.762]   Zoom=1.00, ViewOffset=(3200,4000)
[17:58:19.777] [ScreenToMapCoordinate] Screen(437,573) → Map(3637,4573) → World(58192,146336) → Region(113,142) Cell(10,29) ID=36465
[17:58:19.777]   Zoom=1.00, ViewOffset=(3200,4000)
[17:58:19.793] [ScreenToMapCoordinate] Screen(432,573) → Map(3632,4573) → World(58112,146336) → Region(113,142) Cell(8,29) ID=36465
[17:58:19.793]   Zoom=1.00, ViewOffset=(3200,4000)
[17:58:19.810] [ScreenToMapCoordinate] Screen(426,572) → Map(3626,4572) → World(58016,146304) → Region(113,142) Cell(5,28) ID=36465
[17:58:19.810]   Zoom=1.00, ViewOffset=(3200,4000)
[17:58:19.820] [ScreenToMapCoordinate] Screen(418,572) → Map(3618,4572) → World(57888,146304) → Region(113,142) Cell(1,28) ID=36465
[17:58:19.820]   Zoom=1.00, ViewOffset=(3200,4000)
[17:58:19.843] [ScreenToMapCoordinate] Screen(409,572) → Map(3609,4572) → World(57744,146304) → Region(112,142) Cell(12,28) ID=36464
[17:58:19.843]   Zoom=1.00, ViewOffset=(3200,4000)
[17:58:19.865] [ScreenToMapCoordinate] Screen(395,572) → Map(3595,4572) → World(57520,146304) → Region(112,142) Cell(5,28) ID=36464
[17:58:19.865]   Zoom=1.00, ViewOffset=(3200,4000)
[17:58:19.878] [ScreenToMapCoordinate] Screen(378,572) → Map(3578,4572) → World(57248,146304) → Region(111,142) Cell(13,28) ID=36463
[17:58:19.878]   Zoom=1.00, ViewOffset=(3200,4000)
[17:58:19.900] [ScreenToMapCoordinate] Screen(352,575) → Map(3552,4575) → World(56832,146400) → Region(111,142) Cell(0,31) ID=36463
[17:58:19.900]   Zoom=1.00, ViewOffset=(3200,4000)
[17:58:19.910] [ScreenToMapCoordinate] Screen(339,578) → Map(3539,4578) → World(56624,146496) → Region(110,143) Cell(9,2) ID=36718
[17:58:19.910]   Zoom=1.00, ViewOffset=(3200,4000)
[17:58:19.930] [ScreenToMapCoordinate] Screen(326,580) → Map(3526,4580) → World(56416,146560) → Region(110,143) Cell(3,4) ID=36718
[17:58:19.930]   Zoom=1.00, ViewOffset=(3200,4000)
[17:58:19.943] [ScreenToMapCoordinate] Screen(316,582) → Map(3516,4582) → World(56256,146624) → Region(109,143) Cell(14,6) ID=36717
[17:58:19.943]   Zoom=1.00, ViewOffset=(3200,4000)
[17:58:19.960] [ScreenToMapCoordinate] Screen(308,583) → Map(3508,4583) → World(56128,146656) → Region(109,143) Cell(10,7) ID=36717
[17:58:19.960]   Zoom=1.00, ViewOffset=(3200,4000)
[17:58:19.980] [ScreenToMapCoordinate] Screen(302,585) → Map(3502,4585) → World(56032,146720) → Region(109,143) Cell(7,9) ID=36717
[17:58:19.980]   Zoom=1.00, ViewOffset=(3200,4000)
[17:58:19.995] [ScreenToMapCoordinate] Screen(299,585) → Map(3499,4585) → World(55984,146720) → Region(109,143) Cell(5,9) ID=36717
[17:58:19.995]   Zoom=1.00, ViewOffset=(3200,4000)
[17:58:20.031] [ScreenToMapCoordinate] Screen(298,586) → Map(3498,4586) → World(55968,146752) → Region(109,143) Cell(5,10) ID=36717
[17:58:20.031]   Zoom=1.00, ViewOffset=(3200,4000)
[17:58:20.095] [ScreenToMapCoordinate] Screen(298,587) → Map(3498,4587) → World(55968,146784) → Region(109,143) Cell(5,11) ID=36717
[17:58:20.095]   Zoom=1.00, ViewOffset=(3200,4000)
[17:58:20.126] [ScreenToMapCoordinate] Screen(301,587) → Map(3501,4587) → World(56016,146784) → Region(109,143) Cell(6,11) ID=36717
[17:58:20.126]   Zoom=1.00, ViewOffset=(3200,4000)
[17:58:21.960] [ScreenToMapCoordinate] Screen(485,586) → Map(5239,4586) → World(83824,146752) → Region(163,143) Cell(11,10) ID=36771
[17:58:21.960]   Zoom=1.00, ViewOffset=(4754,4000)
[17:58:21.980] [ScreenToMapCoordinate] Screen(488,582) → Map(5242,4582) → World(83872,146624) → Region(163,143) Cell(13,6) ID=36771
[17:58:21.980]   Zoom=1.00, ViewOffset=(4754,4000)
[17:58:21.995] [ScreenToMapCoordinate] Screen(490,578) → Map(5244,4578) → World(83904,146496) → Region(163,143) Cell(14,2) ID=36771
[17:58:21.995]   Zoom=1.00, ViewOffset=(4754,4000)
[17:58:22.016] [ScreenToMapCoordinate] Screen(491,573) → Map(5245,4573) → World(83920,146336) → Region(163,142) Cell(14,29) ID=36515
[17:58:22.016]   Zoom=1.00, ViewOffset=(4754,4000)
[17:58:22.026] [ScreenToMapCoordinate] Screen(497,565) → Map(5251,4565) → World(84016,146080) → Region(164,142) Cell(1,21) ID=36516
[17:58:22.026]   Zoom=1.00, ViewOffset=(4754,4000)
[17:58:22.046] [ScreenToMapCoordinate] Screen(502,558) → Map(5256,4558) → World(84096,145856) → Region(164,142) Cell(4,14) ID=36516
[17:58:22.046]   Zoom=1.00, ViewOffset=(4754,4000)
[17:58:22.060] [ScreenToMapCoordinate] Screen(505,553) → Map(5259,4553) → World(84144,145696) → Region(164,142) Cell(5,9) ID=36516
[17:58:22.060]   Zoom=1.00, ViewOffset=(4754,4000)
[17:58:22.076] [ScreenToMapCoordinate] Screen(508,548) → Map(5262,4548) → World(84192,145536) → Region(164,142) Cell(7,4) ID=36516
[17:58:22.076]   Zoom=1.00, ViewOffset=(4754,4000)
[17:58:22.096] [ScreenToMapCoordinate] Screen(508,546) → Map(5262,4546) → World(84192,145472) → Region(164,142) Cell(7,2) ID=36516
[17:58:22.096]   Zoom=1.00, ViewOffset=(4754,4000)
[17:58:22.160] [ScreenToMapCoordinate] Screen(508,545) → Map(5262,4545) → World(84192,145440) → Region(164,142) Cell(7,1) ID=36516
[17:58:22.160]   Zoom=1.00, ViewOffset=(4754,4000)
[17:58:22.197] [ScreenToMapCoordinate] Screen(508,542) → Map(5262,4542) → World(84192,145344) → Region(164,141) Cell(7,30) ID=36260
[17:58:22.197]   Zoom=1.00, ViewOffset=(4754,4000)
[17:58:22.220] [ScreenToMapCoordinate] Screen(505,542) → Map(5259,4542) → World(84144,145344) → Region(164,141) Cell(5,30) ID=36260
[17:58:22.220]   Zoom=1.00, ViewOffset=(4754,4000)
[17:58:22.247] [ScreenToMapCoordinate] Screen(504,542) → Map(5258,4542) → World(84128,145344) → Region(164,141) Cell(5,30) ID=36260
[17:58:22.247]   Zoom=1.00, ViewOffset=(4754,4000)
[17:58:22.257] [ScreenToMapCoordinate] Screen(503,542) → Map(5257,4542) → World(84112,145344) → Region(164,141) Cell(4,30) ID=36260
[17:58:22.257]   Zoom=1.00, ViewOffset=(4754,4000)
[17:58:22.282] [ScreenToMapCoordinate] Screen(500,540) → Map(5254,4540) → World(84064,145280) → Region(164,141) Cell(3,28) ID=36260
[17:58:22.282]   Zoom=1.00, ViewOffset=(4754,4000)
[17:58:22.292] [ScreenToMapCoordinate] Screen(499,536) → Map(5253,4536) → World(84048,145152) → Region(164,141) Cell(2,24) ID=36260
[17:58:22.292]   Zoom=1.00, ViewOffset=(4754,4000)
[17:58:22.313] [ScreenToMapCoordinate] Screen(499,532) → Map(5253,4532) → World(84048,145024) → Region(164,141) Cell(2,20) ID=36260
[17:58:22.313]   Zoom=1.00, ViewOffset=(4754,4000)
[17:58:22.332] [ScreenToMapCoordinate] Screen(499,523) → Map(5253,4523) → World(84048,144736) → Region(164,141) Cell(2,11) ID=36260
[17:58:22.332]   Zoom=1.00, ViewOffset=(4754,4000)
[17:58:22.350] [ScreenToMapCoordinate] Screen(499,510) → Map(5253,4510) → World(84048,144320) → Region(164,140) Cell(2,30) ID=36004
[17:58:22.350]   Zoom=1.00, ViewOffset=(4754,4000)
[17:58:22.358] [ScreenToMapCoordinate] Screen(499,498) → Map(5253,4498) → World(84048,143936) → Region(164,140) Cell(2,18) ID=36004
[17:58:22.360]   Zoom=1.00, ViewOffset=(4754,4000)
[17:58:22.379] [ScreenToMapCoordinate] Screen(498,486) → Map(5252,4486) → World(84032,143552) → Region(164,140) Cell(2,6) ID=36004
[17:58:22.379]   Zoom=1.00, ViewOffset=(4754,4000)
[17:58:22.399] [ScreenToMapCoordinate] Screen(497,478) → Map(5251,4478) → World(84016,143296) → Region(164,139) Cell(1,30) ID=35748
[17:58:22.400]   Zoom=1.00, ViewOffset=(4754,4000)
[17:58:22.413] [ScreenToMapCoordinate] Screen(495,472) → Map(5249,4472) → World(83984,143104) → Region(164,139) Cell(0,24) ID=35748
[17:58:22.413]   Zoom=1.00, ViewOffset=(4754,4000)
[17:58:22.463] [ScreenToMapCoordinate] Screen(493,472) → Map(5247,4472) → World(83952,143104) → Region(163,139) Cell(15,24) ID=35747
[17:58:22.463]   Zoom=1.00, ViewOffset=(4754,4000)
[17:58:22.480] [ScreenToMapCoordinate] Screen(492,472) → Map(5246,4472) → World(83936,143104) → Region(163,139) Cell(15,24) ID=35747
[17:58:22.480]   Zoom=1.00, ViewOffset=(4754,4000)
[17:58:22.504] [ScreenToMapCoordinate] Screen(488,472) → Map(5242,4472) → World(83872,143104) → Region(163,139) Cell(13,24) ID=35747
[17:58:22.504]   Zoom=1.00, ViewOffset=(4754,4000)
[17:58:22.513] [ScreenToMapCoordinate] Screen(484,475) → Map(5238,4475) → World(83808,143200) → Region(163,139) Cell(11,27) ID=35747
[17:58:22.513]   Zoom=1.00, ViewOffset=(4754,4000)
[17:58:22.530] [ScreenToMapCoordinate] Screen(482,480) → Map(5236,4480) → World(83776,143360) → Region(163,140) Cell(10,0) ID=36003
[17:58:22.530]   Zoom=1.00, ViewOffset=(4754,4000)
[17:58:22.544] [ScreenToMapCoordinate] Screen(479,483) → Map(5233,4483) → World(83728,143456) → Region(163,140) Cell(8,3) ID=36003
[17:58:22.544]   Zoom=1.00, ViewOffset=(4754,4000)
[17:58:22.560] [ScreenToMapCoordinate] Screen(478,486) → Map(5232,4486) → World(83712,143552) → Region(163,140) Cell(8,6) ID=36003
[17:58:22.560]   Zoom=1.00, ViewOffset=(4754,4000)
[17:58:22.610] [ScreenToMapCoordinate] Screen(478,487) → Map(5232,4487) → World(83712,143584) → Region(163,140) Cell(8,7) ID=36003
[17:58:22.610]   Zoom=1.00, ViewOffset=(4754,4000)
[17:58:22.645] [ScreenToMapCoordinate] Screen(478,488) → Map(5232,4488) → World(83712,143616) → Region(163,140) Cell(8,8) ID=36003
[17:58:22.645]   Zoom=1.00, ViewOffset=(4754,4000)
[17:58:22.660] [ScreenToMapCoordinate] Screen(478,489) → Map(5232,4489) → World(83712,143648) → Region(163,140) Cell(8,9) ID=36003
[17:58:22.660]   Zoom=1.00, ViewOffset=(4754,4000)
[17:58:22.675] [ScreenToMapCoordinate] Screen(478,490) → Map(5232,4490) → World(83712,143680) → Region(163,140) Cell(8,10) ID=36003
[17:58:22.675]   Zoom=1.00, ViewOffset=(4754,4000)
[17:58:22.710] [ScreenToMapCoordinate] Screen(478,492) → Map(5232,4492) → World(83712,143744) → Region(163,140) Cell(8,12) ID=36003
[17:58:22.710]   Zoom=1.00, ViewOffset=(4754,4000)
[17:58:22.800] [ScreenToMapCoordinate] Screen(478,492) → Map(5232,4492) → World(83712,143744) → Region(163,140) Cell(8,12) ID=36003
[17:58:22.800]   Zoom=1.00, ViewOffset=(4754,4000)
[17:58:22.890] [ScreenToMapCoordinate] Screen(478,492) → Map(5232,4492) → World(83712,143744) → Region(163,140) Cell(8,12) ID=36003
[17:58:22.890]   Zoom=1.00, ViewOffset=(4754,4000)
[17:58:22.957] [ScreenToMapCoordinate] Screen(478,492) → Map(5232,4492) → World(83712,143744) → Region(163,140) Cell(8,12) ID=36003
[17:58:22.957]   Zoom=1.00, ViewOffset=(4754,4000)
[17:58:23.070] [Trap Added] Region(163,140) GlobalID=36003 LocalID=3423 Cell(8,12)
[17:58:23.080] [ScreenToMapCoordinate] Screen(478,492) → Map(5232,4492) → World(83712,143744) → Region(163,140) Cell(8,12) ID=36003
[17:58:23.080]   Zoom=1.00, ViewOffset=(4754,4000)
[17:58:23.663] [ScreenToMapCoordinate] Screen(483,492) → Map(5237,4492) → World(83792,143744) → Region(163,140) Cell(10,12) ID=36003
[17:58:23.663]   Zoom=1.00, ViewOffset=(4754,4000)
[17:58:23.680] [ScreenToMapCoordinate] Screen(502,489) → Map(5256,4489) → World(84096,143648) → Region(164,140) Cell(4,9) ID=36004
[17:58:23.680]   Zoom=1.00, ViewOffset=(4754,4000)
[17:58:23.693] [ScreenToMapCoordinate] Screen(530,483) → Map(5284,4483) → World(84544,143456) → Region(165,140) Cell(2,3) ID=36005
[17:58:23.693]   Zoom=1.00, ViewOffset=(4754,4000)
[17:58:23.713] [ScreenToMapCoordinate] Screen(571,472) → Map(5325,4472) → World(85200,143104) → Region(166,139) Cell(6,24) ID=35750
[17:58:23.713]   Zoom=1.00, ViewOffset=(4754,4000)
[17:58:23.728] [ScreenToMapCoordinate] Screen(620,453) → Map(5374,4453) → World(85984,142496) → Region(167,139) Cell(15,5) ID=35751
[17:58:23.728]   Zoom=1.00, ViewOffset=(4754,4000)
[17:58:23.750] [ScreenToMapCoordinate] Screen(685,423) → Map(5439,4423) → World(87024,141536) → Region(169,138) Cell(15,7) ID=35497
[17:58:23.750]   Zoom=1.00, ViewOffset=(4754,4000)
