================================================================================
MapTool Debug Log - 2025-11-27 22:13:42
================================================================================

[22:13:42.877] ✓ Debug log initialized: D:\HuyenThietKiem\SwordOnline\Sources\Tool\MapTool\bin\Release\net48\MapTool_Debug_20251127_221342.log
[22:13:42.877] === MapTool Started ===
[22:13:42.877] Executable: D:\HuyenThietKiem\SwordOnline\Sources\Tool\MapTool\bin\Release\net48\MapTool.exe
[22:13:42.877] Working Directory: D:\HuyenThietKiem\SwordOnline\Sources\Tool\MapTool\bin\Release\net48
[22:13:42.877] Log file: D:\HuyenThietKiem\SwordOnline\Sources\Tool\MapTool\bin\Release\net48\MapTool_Debug_20251127_221342.log
[22:13:42.877] --------------------------------------------------------------------------------
[22:13:42.887] Default folder set: D:\HuyenThietKiem\Bin\Server
[22:13:45.447] --------------------------------------------------------------------------------
[22:13:45.447] 📂 LOADING MAP
[22:13:45.447]    Map ID: 11
[22:13:45.447]    Game Folder: D:\HuyenThietKiem\Bin\Server
[22:13:45.447]    Mode: Server
[22:13:45.447] --------------------------------------------------------------------------------
[22:13:45.677] --------------------------------------------------------------------------------
[22:13:45.677] 🔍 PARSED RECT FROM .WOR FILE
[22:13:45.677]    rect = 165,142,215,172
[22:13:45.677]    Grid size: 51 x 31 regions
[22:13:45.677]    First region coords: (165, 142)
[22:13:45.677]    First RegionID (Y*256+X): 142*256 + 165 = 36517
[22:13:45.677] --------------------------------------------------------------------------------
[22:13:45.677] --------------------------------------------------------------------------------
[22:13:45.677] 🔍 SCANNING FOR REGION FILES
[22:13:45.677]    Looking for regions from (165,142) to (215,172)
[22:13:45.677]    ✗ Missing region (3d,3d) | Expected: maps\西南北区\成都\成都\v_142\165_Region_S.dat
[22:13:45.677]    ✗ Missing region (3d,3d) | Expected: maps\西南北区\成都\成都\v_142\166_Region_S.dat
[22:13:45.677]    ✗ Missing region (3d,3d) | Expected: maps\西南北区\成都\成都\v_142\167_Region_S.dat
[22:13:45.677]    ✗ Missing region (3d,3d) | Expected: maps\西南北区\成都\成都\v_142\168_Region_S.dat
[22:13:45.677]    ✗ Missing region (3d,3d) | Expected: maps\西南北区\成都\成都\v_142\169_Region_S.dat
[22:13:45.687]    ✓ Found region (3d,3d) → RegionID=36557 | File: maps\西南北区\成都\成都\v_142\205_Region_S.dat
[22:13:45.687]    ✓ Found region (3d,3d) → RegionID=36558 | File: maps\西南北区\成都\成都\v_142\206_Region_S.dat
[22:13:45.687]    ✓ Found region (3d,3d) → RegionID=36559 | File: maps\西南北区\成都\成都\v_142\207_Region_S.dat
[22:13:45.687]    ✓ Found region (3d,3d) → RegionID=36807 | File: maps\西南北区\成都\成都\v_143\199_Region_S.dat
[22:13:45.687]    ✓ Found region (3d,3d) → RegionID=36808 | File: maps\西南北区\成都\成都\v_143\200_Region_S.dat
[22:13:45.687]    ⚠ Error loading (206,143): Unable to read beyond the end of the stream.
[22:13:45.687]    ⚠ Error loading (206,144): Unable to read beyond the end of the stream.
[22:13:45.687]    ⚠ Error loading (175,149): Unable to read beyond the end of the stream.
[22:13:45.687]    ⚠ Error loading (176,149): Unable to read beyond the end of the stream.
[22:13:45.687]    ⚠ Error loading (175,150): Unable to read beyond the end of the stream.
[22:13:45.687]    ⚠ Error loading (176,150): Unable to read beyond the end of the stream.
[22:13:45.698]    ⚠ Error loading (188,154): Unable to read beyond the end of the stream.
[22:13:45.698]    ⚠ Error loading (205,155): Unable to read beyond the end of the stream.
[22:13:45.698]    ⚠ Error loading (205,156): Unable to read beyond the end of the stream.
[22:13:45.698]    ⚠ Error loading (177,158): Unable to read beyond the end of the stream.
[22:13:45.703]    ⚠ Error loading (203,158): Unable to read beyond the end of the stream.
[22:13:45.703]    ⚠ Error loading (177,159): Unable to read beyond the end of the stream.
[22:13:45.703]    ⚠ Error loading (186,160): Unable to read beyond the end of the stream.
[22:13:45.707]    ⚠ Error loading (200,163): Unable to read beyond the end of the stream.
[22:13:45.707]    ⚠ Error loading (201,163): Unable to read beyond the end of the stream.
[22:13:45.707]    ⚠ Error loading (212,165): Unable to read beyond the end of the stream.
[22:13:45.707]    ⚠ Error loading (213,165): Unable to read beyond the end of the stream.
[22:13:45.707]    ⚠ Error loading (169,166): Unable to read beyond the end of the stream.
[22:13:45.707]    ⚠ Error loading (212,166): Unable to read beyond the end of the stream.
[22:13:45.707]    ⚠ Error loading (213,166): Unable to read beyond the end of the stream.
[22:13:45.707]    ⚠ Error loading (169,167): Unable to read beyond the end of the stream.
[22:13:45.707]    ⚠ Error loading (202,169): Unable to read beyond the end of the stream.
[22:13:45.707]    ⚠ Error loading (201,170): Unable to read beyond the end of the stream.
[22:13:45.707]    ⚠ Error loading (202,170): Unable to read beyond the end of the stream.
[22:13:45.717] --------------------------------------------------------------------------------
[22:13:45.717] 📊 REGION SCAN SUMMARY
[22:13:45.717]    Attempted: 1581 regions
[22:13:45.717]    Loaded: 803 regions
[22:13:45.717]    Missing: 778 regions
[22:13:45.717]    First missing: (165,142), (166,142), (167,142), (168,142), (169,142)
[22:13:45.717]    First existing: (205,142), (206,142), (207,142), (199,143), (200,143)
[22:13:45.717] --------------------------------------------------------------------------------
[22:13:45.717] ✓ Map loaded successfully!
[22:13:45.717]    Name: Th祅h Й
[22:13:45.717]    Folder: 西南北区\成都\成都
[22:13:45.717]    Regions loaded: 803
[22:13:45.717]    First region: (205, 142) RegionID=36557
[22:13:45.717] --------------------------------------------------------------------------------
[22:13:58.797] --------------------------------------------------------------------------------
[22:13:58.797] 📂 LOADING MAP
[22:13:58.797]    Map ID: 11
[22:13:58.797]    Game Folder: D:\HuyenThietKiem\Bin\Server
[22:13:58.797]    Mode: Server
[22:13:58.797] --------------------------------------------------------------------------------
[22:13:59.017] --------------------------------------------------------------------------------
[22:13:59.017] 🔍 PARSED RECT FROM .WOR FILE
[22:13:59.017]    rect = 165,142,215,172
[22:13:59.017]    Grid size: 51 x 31 regions
[22:13:59.017]    First region coords: (165, 142)
[22:13:59.017]    First RegionID (Y*256+X): 142*256 + 165 = 36517
[22:13:59.017] --------------------------------------------------------------------------------
[22:13:59.017] --------------------------------------------------------------------------------
[22:13:59.017] 🔍 SCANNING FOR REGION FILES
[22:13:59.017]    Looking for regions from (165,142) to (215,172)
[22:13:59.017]    ✗ Missing region (3d,3d) | Expected: maps\西南北区\成都\成都\v_142\165_Region_S.dat
[22:13:59.017]    ✗ Missing region (3d,3d) | Expected: maps\西南北区\成都\成都\v_142\166_Region_S.dat
[22:13:59.017]    ✗ Missing region (3d,3d) | Expected: maps\西南北区\成都\成都\v_142\167_Region_S.dat
[22:13:59.017]    ✗ Missing region (3d,3d) | Expected: maps\西南北区\成都\成都\v_142\168_Region_S.dat
[22:13:59.017]    ✗ Missing region (3d,3d) | Expected: maps\西南北区\成都\成都\v_142\169_Region_S.dat
[22:13:59.017]    ✓ Found region (3d,3d) → RegionID=36557 | File: maps\西南北区\成都\成都\v_142\205_Region_S.dat
[22:13:59.017]    ✓ Found region (3d,3d) → RegionID=36558 | File: maps\西南北区\成都\成都\v_142\206_Region_S.dat
[22:13:59.017]    ✓ Found region (3d,3d) → RegionID=36559 | File: maps\西南北区\成都\成都\v_142\207_Region_S.dat
[22:13:59.017]    ✓ Found region (3d,3d) → RegionID=36807 | File: maps\西南北区\成都\成都\v_143\199_Region_S.dat
[22:13:59.017]    ✓ Found region (3d,3d) → RegionID=36808 | File: maps\西南北区\成都\成都\v_143\200_Region_S.dat
[22:13:59.024]    ⚠ Error loading (206,143): Unable to read beyond the end of the stream.
[22:13:59.024]    ⚠ Error loading (206,144): Unable to read beyond the end of the stream.
[22:13:59.027]    ⚠ Error loading (175,149): Unable to read beyond the end of the stream.
[22:13:59.027]    ⚠ Error loading (176,149): Unable to read beyond the end of the stream.
[22:13:59.027]    ⚠ Error loading (175,150): Unable to read beyond the end of the stream.
[22:13:59.027]    ⚠ Error loading (176,150): Unable to read beyond the end of the stream.
[22:13:59.032]    ⚠ Error loading (188,154): Unable to read beyond the end of the stream.
[22:13:59.032]    ⚠ Error loading (205,155): Unable to read beyond the end of the stream.
[22:13:59.032]    ⚠ Error loading (205,156): Unable to read beyond the end of the stream.
[22:13:59.037]    ⚠ Error loading (177,158): Unable to read beyond the end of the stream.
[22:13:59.037]    ⚠ Error loading (203,158): Unable to read beyond the end of the stream.
[22:13:59.037]    ⚠ Error loading (177,159): Unable to read beyond the end of the stream.
[22:13:59.039]    ⚠ Error loading (186,160): Unable to read beyond the end of the stream.
[22:13:59.039]    ⚠ Error loading (200,163): Unable to read beyond the end of the stream.
[22:13:59.039]    ⚠ Error loading (201,163): Unable to read beyond the end of the stream.
[22:13:59.045]    ⚠ Error loading (212,165): Unable to read beyond the end of the stream.
[22:13:59.045]    ⚠ Error loading (213,165): Unable to read beyond the end of the stream.
[22:13:59.047]    ⚠ Error loading (169,166): Unable to read beyond the end of the stream.
[22:13:59.047]    ⚠ Error loading (212,166): Unable to read beyond the end of the stream.
[22:13:59.047]    ⚠ Error loading (213,166): Unable to read beyond the end of the stream.
[22:13:59.047]    ⚠ Error loading (169,167): Unable to read beyond the end of the stream.
[22:13:59.047]    ⚠ Error loading (202,169): Unable to read beyond the end of the stream.
[22:13:59.047]    ⚠ Error loading (201,170): Unable to read beyond the end of the stream.
[22:13:59.047]    ⚠ Error loading (202,170): Unable to read beyond the end of the stream.
[22:13:59.052] --------------------------------------------------------------------------------
[22:13:59.052] 📊 REGION SCAN SUMMARY
[22:13:59.052]    Attempted: 1581 regions
[22:13:59.052]    Loaded: 803 regions
[22:13:59.052]    Missing: 778 regions
[22:13:59.052]    First missing: (165,142), (166,142), (167,142), (168,142), (169,142)
[22:13:59.052]    First existing: (205,142), (206,142), (207,142), (199,143), (200,143)
[22:13:59.052] --------------------------------------------------------------------------------
[22:13:59.052] ✓ Map loaded successfully!
[22:13:59.052]    Name: Th祅h Й
[22:13:59.054]    Folder: 西南北区\成都\成都
[22:13:59.054]    Regions loaded: 803
[22:13:59.054]    First region: (205, 142) RegionID=36557
[22:13:59.054] --------------------------------------------------------------------------------
