================================================================================
MapTool Debug Log - 2025-11-27 22:12:37
================================================================================

[22:12:37.710] ✓ Debug log initialized: D:\HuyenThietKiem\SwordOnline\Sources\Tool\MapTool\bin\Release\net48\MapTool_Debug_20251127_221237.log
[22:12:37.710] === MapTool Started ===
[22:12:37.710] Executable: D:\HuyenThietKiem\SwordOnline\Sources\Tool\MapTool\bin\Release\net48\MapTool.exe
[22:12:37.710] Working Directory: D:\HuyenThietKiem\SwordOnline\Sources\Tool\MapTool\bin\Release\net48
[22:12:37.710] Log file: D:\HuyenThietKiem\SwordOnline\Sources\Tool\MapTool\bin\Release\net48\MapTool_Debug_20251127_221237.log
[22:12:37.710] --------------------------------------------------------------------------------
[22:12:37.710] Default folder set: D:\HuyenThietKiem\Bin\Server
[22:12:46.940] --------------------------------------------------------------------------------
[22:12:46.940] 📂 LOADING MAP
[22:12:46.940]    Map ID: 1
[22:12:46.940]    Game Folder: D:\HuyenThietKiem\Bin\Server
[22:12:46.940]    Mode: Server
[22:12:46.940] --------------------------------------------------------------------------------
[22:12:47.192] --------------------------------------------------------------------------------
[22:12:47.192] 🔍 PARSED RECT FROM .WOR FILE
[22:12:47.192]    rect = 73,84,121,114
[22:12:47.192]    Grid size: 49 x 31 regions
[22:12:47.192]    First region coords: (73, 84)
[22:12:47.192]    First RegionID (Y*256+X): 84*256 + 73 = 21577
[22:12:47.192] --------------------------------------------------------------------------------
[22:12:47.192] --------------------------------------------------------------------------------
[22:12:47.192] 🔍 SCANNING FOR REGION FILES
[22:12:47.192]    Looking for regions from (73,84) to (121,114)
[22:12:47.192]    ✗ Missing region (3d,3d) | Expected: maps\西北南区\凤翔\v_084\073_Region_S.dat
[22:12:47.192]    ✗ Missing region (3d,3d) | Expected: maps\西北南区\凤翔\v_084\074_Region_S.dat
[22:12:47.192]    ✗ Missing region (3d,3d) | Expected: maps\西北南区\凤翔\v_084\075_Region_S.dat
[22:12:47.192]    ✗ Missing region (3d,3d) | Expected: maps\西北南区\凤翔\v_084\076_Region_S.dat
[22:12:47.192]    ✗ Missing region (3d,3d) | Expected: maps\西北南区\凤翔\v_084\077_Region_S.dat
[22:12:47.197]    ✓ Found region (3d,3d) → RegionID=21842 | File: maps\西北南区\凤翔\v_085\082_Region_S.dat
[22:12:47.197]    ✓ Found region (3d,3d) → RegionID=21843 | File: maps\西北南区\凤翔\v_085\083_Region_S.dat
[22:12:47.197]    ✓ Found region (3d,3d) → RegionID=21844 | File: maps\西北南区\凤翔\v_085\084_Region_S.dat
[22:12:47.197]    ✓ Found region (3d,3d) → RegionID=21845 | File: maps\西北南区\凤翔\v_085\085_Region_S.dat
[22:12:47.197]    ✓ Found region (3d,3d) → RegionID=21846 | File: maps\西北南区\凤翔\v_085\086_Region_S.dat
[22:12:47.207]    ⚠ Error loading (95,96): Unable to read beyond the end of the stream.
[22:12:47.207]    ⚠ Error loading (96,96): Unable to read beyond the end of the stream.
[22:12:47.207]    ⚠ Error loading (104,98): Unable to read beyond the end of the stream.
[22:12:47.214]    ⚠ Error loading (119,100): Unable to read beyond the end of the stream.
[22:12:47.214]    ⚠ Error loading (94,101): Unable to read beyond the end of the stream.
[22:12:47.214]    ⚠ Error loading (119,101): Unable to read beyond the end of the stream.
[22:12:47.214]    ⚠ Error loading (94,102): Unable to read beyond the end of the stream.
[22:12:47.217]    ⚠ Error loading (103,103): Unable to read beyond the end of the stream.
[22:12:47.217]    ⚠ Error loading (104,103): Unable to read beyond the end of the stream.
[22:12:47.217]    ⚠ Error loading (75,105): Unable to read beyond the end of the stream.
[22:12:47.217]    ⚠ Error loading (75,106): Unable to read beyond the end of the stream.
[22:12:47.227]    ⚠ Error loading (113,112): Unable to read beyond the end of the stream.
[22:12:47.227]    ⚠ Error loading (113,113): Unable to read beyond the end of the stream.
[22:12:47.230] --------------------------------------------------------------------------------
[22:12:47.230] 📊 REGION SCAN SUMMARY
[22:12:47.230]    Attempted: 1519 regions
[22:12:47.230]    Loaded: 1018 regions
[22:12:47.230]    Missing: 501 regions
[22:12:47.230]    First missing: (73,84), (74,84), (75,84), (76,84), (77,84)
[22:12:47.230]    First existing: (82,85), (83,85), (84,85), (85,85), (86,85)
[22:12:47.230] --------------------------------------------------------------------------------
[22:12:47.230] ✓ Map loaded successfully!
[22:12:47.230]    Name: Phng Tng
[22:12:47.230]    Folder: 西北南区\凤翔
[22:12:47.230]    Regions loaded: 1018
[22:12:47.230]    First region: (82, 85) RegionID=21842
[22:12:47.230] --------------------------------------------------------------------------------
