
*
***** S3Relay Start (@ 2025/11/16 00:55:50.036) >>>>>
*

[2025/11/16 00:55:50] 1-- Initializing ...
[2025/11/16 00:55:50] 2-- Create Channel: [Stock, GM] <00000000> GM
[2025/11/16 00:55:50] 3-- Create Channel: [Stock] <00000001> WORLD
[2025/11/16 00:55:50] 4-- friend timing update db: start
[2025/11/16 00:55:50] 5-- relay server startup
[2025/11/16 00:55:50] 6-- root client create: 192.168.254.53
[2025/11/16 00:55:50] 7-- DBRole client create: 192.168.254.53
[2025/11/16 00:55:50] 8-- root client close: 192.168.254.53
[2025/11/16 00:55:50] 9-- gateway client create: 192.168.254.53
[2025/11/16 00:55:50] 10-- host server startup
[2025/11/16 00:55:50] 11-- tong server startup
[2025/11/16 00:55:50] 12-- chat server startup
[2025/11/16 00:55:50] 13-- SockThread start success
[2025/11/16 00:55:50] 14-- tong database open ok!
[2025/11/16 00:55:50] 15-- tongset init ok !
[2025/11/16 00:55:50] 16-- Initialize OK
[2025/11/16 00:55:59] 17-- host connect create: 192.168.254.5
[2025/11/16 00:55:59] 18-- chat connect create: 192.168.254.5
[2025/11/16 00:55:59] 19-- tong connect create: 192.168.254.5
[2025/11/16 00:56:02] 20-- host connect create: 192.168.254.53
[2025/11/16 00:56:02] 21-- chat connect create: 192.168.254.53
[2025/11/16 00:56:02] 22-- tong connect create: 192.168.254.53
[2025/11/16 00:56:02] 23-- host connect create: 192.168.254.2
[2025/11/16 00:56:02] 24-- chat connect create: 192.168.254.2
[2025/11/16 00:56:02] 25-- tong connect create: 192.168.254.2
[2025/11/16 00:56:02] 26-- host connect create: 192.168.254.3
[2025/11/16 00:56:02] 27-- chat connect create: 192.168.254.3
[2025/11/16 00:56:02] 28-- tong connect create: 192.168.254.3
[2025/11/16 00:56:05] 29-- host connect create: 192.168.254.4
[2025/11/16 00:56:05] 30-- chat connect create: 192.168.254.4
[2025/11/16 00:56:05] 31-- tong connect create: 192.168.254.4
[2025/11/16 00:56:05] 32-- load someone: DienBaQuan
[2025/11/16 00:56:05] 33-- player login: 123456 [DienBaQuan] (02FEA8C0, 00000000)
[2025/11/16 00:56:05] 34-- Query ChannelID: \S from (02FEA8C0, 00000000)
[2025/11/16 00:56:05] 35-- Create Channel: <00000002> \S50243776
[2025/11/16 00:56:05] 36-- Query ChannelID: WORLD from (02FEA8C0, 00000000)
[2025/11/16 00:56:05] 37-- Query ChannelID: \F2 from (02FEA8C0, 00000000)
[2025/11/16 00:56:05] 38-- Create Channel: <00000003> \F2
[2025/11/16 00:56:05] 39-- Query ChannelID: GM from (02FEA8C0, 00000000)
[2025/11/16 00:56:05] 40-- Query ChannelID: \B from (02FEA8C0, 00000000)
[2025/11/16 00:56:05] 41-- Create Channel: <00000004> \B50243776
[2025/11/16 00:56:05] 42-- sync friend list: DienBaQuan (full)
[2025/11/16 00:56:05] 43-- Subscribe Channel: 00000002 by (02FEA8C0,00000000)
[2025/11/16 00:56:05] 44-- Subscribe Channel: 00000001 by (02FEA8C0,00000000)
[2025/11/16 00:56:05] 45-- Subscribe Channel: 00000003 by (02FEA8C0,00000000)
[2025/11/16 00:56:05] 46-- Subscribe Channel: GM <00000000> by (02FEA8C0,00000000)
[2025/11/16 00:56:05] 47-- Subscribe Channel: 00000004 by (02FEA8C0,00000000)
[2025/11/16 01:00:53] 48-- update friend DB succeed
[2025/11/16 01:05:53] 49-- update friend DB succeed
[2025/11/16 01:10:53] 50-- update friend DB succeed
[2025/11/16 01:15:53] 51-- update friend DB succeed
[2025/11/16 01:20:53] 52-- update friend DB succeed
[2025/11/16 01:25:53] 53-- update friend DB succeed
[2025/11/16 01:30:53] 54-- update friend DB succeed
[2025/11/16 01:35:53] 55-- update friend DB succeed
[2025/11/16 01:40:53] 56-- update friend DB succeed
[2025/11/16 01:45:53] 57-- update friend DB succeed
[2025/11/16 01:50:53] 58-- update friend DB succeed
[2025/11/16 01:55:53] 59-- update friend DB succeed
[2025/11/16 02:00:53] 60-- update friend DB succeed
[2025/11/16 02:05:53] 61-- update friend DB succeed
[2025/11/16 02:10:54] 62-- update friend DB succeed
[2025/11/16 02:15:54] 63-- update friend DB succeed
[2025/11/16 02:20:54] 64-- update friend DB succeed
[2025/11/16 02:25:54] 65-- update friend DB succeed
[2025/11/16 02:30:54] 66-- update friend DB succeed
[2025/11/16 02:35:54] 67-- update friend DB succeed
[2025/11/16 02:40:54] 68-- update friend DB succeed
[2025/11/16 02:45:54] 69-- update friend DB succeed
[2025/11/16 02:50:54] 70-- update friend DB succeed
[2025/11/16 02:55:54] 71-- update friend DB succeed
[2025/11/16 03:00:55] 72-- update friend DB succeed
[2025/11/16 03:05:55] 73-- update friend DB succeed
[2025/11/16 03:10:55] 74-- update friend DB succeed
[2025/11/16 03:15:55] 75-- update friend DB succeed
[2025/11/16 03:20:55] 76-- update friend DB succeed
[2025/11/16 03:25:55] 77-- update friend DB succeed
[2025/11/16 03:30:55] 78-- update friend DB succeed
[2025/11/16 03:35:55] 79-- update friend DB succeed
[2025/11/16 03:40:56] 80-- update friend DB succeed
[2025/11/16 03:45:53] 81-- update friend DB succeed
[2025/11/16 03:50:53] 82-- update friend DB succeed
[2025/11/16 03:55:53] 83-- update friend DB succeed
[2025/11/16 04:00:53] 84-- update friend DB succeed
[2025/11/16 04:05:53] 85-- update friend DB succeed
[2025/11/16 04:10:53] 86-- update friend DB succeed
[2025/11/16 04:15:53] 87-- update friend DB succeed
[2025/11/16 04:20:53] 88-- update friend DB succeed
[2025/11/16 04:25:53] 89-- update friend DB succeed
[2025/11/16 04:30:53] 90-- update friend DB succeed
[2025/11/16 04:35:54] 91-- update friend DB succeed
[2025/11/16 04:40:54] 92-- update friend DB succeed
[2025/11/16 04:45:54] 93-- update friend DB succeed
[2025/11/16 04:50:54] 94-- update friend DB succeed
[2025/11/16 04:55:54] 95-- update friend DB succeed
[2025/11/16 05:00:54] 96-- update friend DB succeed
[2025/11/16 05:05:54] 97-- update friend DB succeed
[2025/11/16 05:10:54] 98-- update friend DB succeed
[2025/11/16 05:15:54] 99-- update friend DB succeed
[2025/11/16 05:20:54] 100-- update friend DB succeed
[2025/11/16 05:25:55] 101-- update friend DB succeed
[2025/11/16 05:30:55] 102-- update friend DB succeed
[2025/11/16 05:35:55] 103-- update friend DB succeed
[2025/11/16 05:40:55] 104-- update friend DB succeed
[2025/11/16 05:45:55] 105-- update friend DB succeed
[2025/11/16 05:50:55] 106-- update friend DB succeed
[2025/11/16 05:55:55] 107-- update friend DB succeed
[2025/11/16 06:00:55] 108-- update friend DB succeed
[2025/11/16 06:05:55] 109-- update friend DB succeed
[2025/11/16 06:10:55] 110-- update friend DB succeed
[2025/11/16 06:15:55] 111-- update friend DB succeed
[2025/11/16 06:20:55] 112-- update friend DB succeed
[2025/11/16 06:25:56] 113-- update friend DB succeed
[2025/11/16 06:30:53] 114-- update friend DB succeed
[2025/11/16 06:35:53] 115-- update friend DB succeed
[2025/11/16 06:40:53] 116-- update friend DB succeed
[2025/11/16 06:45:53] 117-- update friend DB succeed
[2025/11/16 06:50:53] 118-- update friend DB succeed
[2025/11/16 06:55:53] 119-- update friend DB succeed
[2025/11/16 07:00:53] 120-- update friend DB succeed
[2025/11/16 07:05:54] 121-- update friend DB succeed
[2025/11/16 07:10:54] 122-- update friend DB succeed
[2025/11/16 07:15:54] 123-- update friend DB succeed
[2025/11/16 07:20:54] 124-- update friend DB succeed
[2025/11/16 07:25:54] 125-- update friend DB succeed
[2025/11/16 07:30:54] 126-- update friend DB succeed
[2025/11/16 07:35:54] 127-- update friend DB succeed
[2025/11/16 07:40:54] 128-- update friend DB succeed
[2025/11/16 07:45:54] 129-- update friend DB succeed
[2025/11/16 07:50:54] 130-- update friend DB succeed
[2025/11/16 07:55:54] 131-- update friend DB succeed
[2025/11/16 08:00:55] 132-- update friend DB succeed
[2025/11/16 08:05:55] 133-- update friend DB succeed
[2025/11/16 08:10:55] 134-- update friend DB succeed
[2025/11/16 08:15:55] 135-- update friend DB succeed
[2025/11/16 08:20:55] 136-- update friend DB succeed
[2025/11/16 08:25:55] 137-- update friend DB succeed
[2025/11/16 08:30:55] 138-- update friend DB succeed
[2025/11/16 08:35:55] 139-- update friend DB succeed
[2025/11/16 08:40:55] 140-- update friend DB succeed
[2025/11/16 08:41:13] 141-- Destroy Channel: <00000002> \S50243776
[2025/11/16 08:41:13] 142-- Destroy Channel: <00000003> \F2
[2025/11/16 08:41:13] 143-- Destroy Channel: <00000004> \B50243776
[2025/11/16 08:41:13] 144-- player logout: 123456
