
*
***** S3Relay Start (@ 2025/11/16 12:00:50.486) >>>>>
*

[2025/11/16 12:00:50] 1-- Initializing ...
[2025/11/16 12:00:50] 2-- Create Channel: [Stock, GM] <00000000> GM
[2025/11/16 12:00:50] 3-- Create Channel: [Stock] <00000001> WORLD
[2025/11/16 12:00:50] 4-- friend timing update db: start
[2025/11/16 12:00:50] 5-- relay server startup
[2025/11/16 12:00:50] 6-- root client create: 192.168.254.53
[2025/11/16 12:00:50] 7-- DBRole client create: 192.168.254.53
[2025/11/16 12:00:50] 8-- root client close: 192.168.254.53
[2025/11/16 12:00:50] 9-- gateway client create: 192.168.254.53
[2025/11/16 12:00:50] 10-- host server startup
[2025/11/16 12:00:50] 11-- tong server startup
[2025/11/16 12:00:50] 12-- chat server startup
[2025/11/16 12:00:50] 13-- SockThread start success
[2025/11/16 12:00:50] 14-- tong database open ok!
[2025/11/16 12:00:50] 15-- tongset init ok !
[2025/11/16 12:00:50] 16-- Initialize OK
[2025/11/16 12:00:59] 17-- host connect create: 192.168.254.5
[2025/11/16 12:00:59] 18-- chat connect create: 192.168.254.5
[2025/11/16 12:00:59] 19-- tong connect create: 192.168.254.5
[2025/11/16 12:01:02] 20-- host connect create: 192.168.254.53
[2025/11/16 12:01:02] 21-- chat connect create: 192.168.254.53
[2025/11/16 12:01:02] 22-- tong connect create: 192.168.254.53
[2025/11/16 12:01:02] 23-- host connect create: 192.168.254.2
[2025/11/16 12:01:02] 24-- chat connect create: 192.168.254.2
[2025/11/16 12:01:02] 25-- tong connect create: 192.168.254.2
[2025/11/16 12:01:02] 26-- host connect create: 192.168.254.3
[2025/11/16 12:01:02] 27-- chat connect create: 192.168.254.3
[2025/11/16 12:01:02] 28-- tong connect create: 192.168.254.3
[2025/11/16 12:01:05] 29-- host connect create: 192.168.254.4
[2025/11/16 12:01:05] 30-- chat connect create: 192.168.254.4
[2025/11/16 12:01:05] 31-- tong connect create: 192.168.254.4
[2025/11/16 12:01:05] 32-- load someone: DienBaQuan
[2025/11/16 12:01:05] 33-- player login: 123456 [DienBaQuan] (02FEA8C0, 00000000)
[2025/11/16 12:01:05] 34-- Query ChannelID: \S from (02FEA8C0, 00000000)
[2025/11/16 12:01:05] 35-- Create Channel: <00000002> \S50243776
[2025/11/16 12:01:05] 36-- Query ChannelID: WORLD from (02FEA8C0, 00000000)
[2025/11/16 12:01:05] 37-- Query ChannelID: \F2 from (02FEA8C0, 00000000)
[2025/11/16 12:01:05] 38-- Create Channel: <00000003> \F2
[2025/11/16 12:01:05] 39-- Query ChannelID: GM from (02FEA8C0, 00000000)
[2025/11/16 12:01:05] 40-- Query ChannelID: \B from (02FEA8C0, 00000000)
[2025/11/16 12:01:05] 41-- Create Channel: <00000004> \B50243776
[2025/11/16 12:01:05] 42-- sync friend list: DienBaQuan (full)
[2025/11/16 12:01:05] 43-- Subscribe Channel: 00000002 by (02FEA8C0,00000000)
[2025/11/16 12:01:05] 44-- Subscribe Channel: 00000001 by (02FEA8C0,00000000)
[2025/11/16 12:01:05] 45-- Subscribe Channel: 00000003 by (02FEA8C0,00000000)
[2025/11/16 12:01:05] 46-- Subscribe Channel: GM <00000000> by (02FEA8C0,00000000)
[2025/11/16 12:01:05] 47-- Subscribe Channel: 00000004 by (02FEA8C0,00000000)
[2025/11/16 12:01:47] 48-- Destroy Channel: <00000002> \S50243776
[2025/11/16 12:01:47] 49-- Destroy Channel: <00000003> \F2
[2025/11/16 12:01:47] 50-- Destroy Channel: <00000004> \B50243776
[2025/11/16 12:01:47] 51-- player logout: 123456
[2025/11/16 12:01:56] 52-- load someone: NgaMyTieuNy
[2025/11/16 12:01:56] 53-- player login: 1234567 [NgaMyTieuNy] (35FEA8C0, 00000000)
[2025/11/16 12:01:56] 54-- Query ChannelID: \S from (35FEA8C0, 00000000)
[2025/11/16 12:01:56] 55-- Create Channel: <00000005> \S905881792
[2025/11/16 12:01:56] 56-- Query ChannelID: WORLD from (35FEA8C0, 00000000)
[2025/11/16 12:01:56] 57-- Query ChannelID: GM from (35FEA8C0, 00000000)
[2025/11/16 12:01:56] 58-- Query ChannelID: \B from (35FEA8C0, 00000000)
[2025/11/16 12:01:56] 59-- Create Channel: <00000006> \B905881792
[2025/11/16 12:01:56] 60-- sync friend list: NgaMyTieuNy (full)
[2025/11/16 12:01:56] 61-- Subscribe Channel: 00000005 by (35FEA8C0,00000000)
[2025/11/16 12:01:56] 62-- Subscribe Channel: 00000001 by (35FEA8C0,00000000)
[2025/11/16 12:01:56] 63-- Subscribe Channel: GM <00000000> by (35FEA8C0,00000000)
[2025/11/16 12:01:56] 64-- Subscribe Channel: 00000006 by (35FEA8C0,00000000)
[2025/11/16 12:02:29] 65-- Query ChannelID: \F4 from (35FEA8C0, 00000000)
[2025/11/16 12:02:29] 66-- Create Channel: <00000007> \F4
[2025/11/16 12:02:29] 67-- Subscribe Channel: 00000007 by (35FEA8C0,00000000)
[2025/11/16 12:02:35] 68-- Destroy Channel: <00000005> \S905881792
[2025/11/16 12:02:35] 69-- Destroy Channel: <00000006> \B905881792
[2025/11/16 12:02:35] 70-- Destroy Channel: <00000007> \F4
[2025/11/16 12:02:35] 71-- player logout: 1234567
[2025/11/16 12:02:38] 72-- player login: 1234567 [NgaMyTieuNy] (02FEA8C0, 00000001)
[2025/11/16 12:02:38] 73-- Query ChannelID: \S from (02FEA8C0, 00000001)
[2025/11/16 12:02:38] 74-- Create Channel: <00000008> \S50243776
[2025/11/16 12:02:38] 75-- Query ChannelID: WORLD from (02FEA8C0, 00000001)
[2025/11/16 12:02:38] 76-- Query ChannelID: \F4 from (02FEA8C0, 00000001)
[2025/11/16 12:02:38] 77-- Create Channel: <00000009> \F4
[2025/11/16 12:02:38] 78-- Query ChannelID: GM from (02FEA8C0, 00000001)
[2025/11/16 12:02:38] 79-- Query ChannelID: \B from (02FEA8C0, 00000001)
[2025/11/16 12:02:38] 80-- Create Channel: <0000000A> \B50243776
[2025/11/16 12:02:38] 81-- sync friend list: NgaMyTieuNy (full)
[2025/11/16 12:02:38] 82-- Subscribe Channel: 00000008 by (02FEA8C0,00000001)
[2025/11/16 12:02:38] 83-- Subscribe Channel: 00000001 by (02FEA8C0,00000001)
[2025/11/16 12:02:38] 84-- Subscribe Channel: 00000009 by (02FEA8C0,00000001)
[2025/11/16 12:02:38] 85-- Subscribe Channel: GM <00000000> by (02FEA8C0,00000001)
[2025/11/16 12:02:38] 86-- Subscribe Channel: 0000000A by (02FEA8C0,00000001)
[2025/11/16 12:04:23] 87-- Destroy Channel: <00000008> \S50243776
[2025/11/16 12:04:23] 88-- Destroy Channel: <00000009> \F4
[2025/11/16 12:04:23] 89-- Destroy Channel: <0000000A> \B50243776
[2025/11/16 12:04:23] 90-- player logout: 1234567
[2025/11/16 12:05:53] 91-- update friend DB succeed
[2025/11/16 12:10:53] 92-- update friend DB succeed
[2025/11/16 12:15:53] 93-- update friend DB succeed
[2025/11/16 12:20:53] 94-- update friend DB succeed
[2025/11/16 12:25:53] 95-- update friend DB succeed
[2025/11/16 12:30:53] 96-- update friend DB succeed
[2025/11/16 12:35:53] 97-- update friend DB succeed
[2025/11/16 12:40:53] 98-- update friend DB succeed
[2025/11/16 12:45:53] 99-- update friend DB succeed
[2025/11/16 12:50:53] 100-- update friend DB succeed
[2025/11/16 12:55:53] 101-- update friend DB succeed
[2025/11/16 13:00:53] 102-- update friend DB succeed
[2025/11/16 13:05:53] 103-- update friend DB succeed
[2025/11/16 13:10:53] 104-- update friend DB succeed
[2025/11/16 13:15:53] 105-- update friend DB succeed
[2025/11/16 13:20:53] 106-- update friend DB succeed
[2025/11/16 13:25:53] 107-- update friend DB succeed
[2025/11/16 13:30:53] 108-- update friend DB succeed
[2025/11/16 13:35:53] 109-- update friend DB succeed
[2025/11/16 13:40:54] 110-- update friend DB succeed
[2025/11/16 13:45:54] 111-- update friend DB succeed
[2025/11/16 13:50:54] 112-- update friend DB succeed
[2025/11/16 13:55:54] 113-- update friend DB succeed
[2025/11/16 14:00:54] 114-- update friend DB succeed
[2025/11/16 14:05:54] 115-- update friend DB succeed
[2025/11/16 14:10:54] 116-- update friend DB succeed
[2025/11/16 14:15:54] 117-- update friend DB succeed
[2025/11/16 14:20:54] 118-- update friend DB succeed
[2025/11/16 14:25:54] 119-- update friend DB succeed
[2025/11/16 14:30:54] 120-- update friend DB succeed
[2025/11/16 14:35:54] 121-- update friend DB succeed
[2025/11/16 14:40:54] 122-- update friend DB succeed
