
*
***** S3Relay Start (@ 2025/11/16 14:42:20.086) >>>>>
*

[2025/11/16 14:42:24] 1-- Initializing ...
[2025/11/16 14:42:24] 2-- Create Channel: [Stock, GM] <00000000> GM
[2025/11/16 14:42:24] 3-- Create Channel: [Stock] <00000001> WORLD
[2025/11/16 14:42:24] 4-- friend timing update db: start
[2025/11/16 14:42:24] 5-- relay server startup
[2025/11/16 14:42:24] 6-- root client create: 192.168.254.53
[2025/11/16 14:42:24] 7-- root client close: 192.168.254.53
[2025/11/16 14:42:24] 8-- FAIL: DBRole client - 192.168.254.53
[2025/11/16 14:42:24] 9-- enable reclient: db
[2025/11/16 14:42:24] 10-- FAIL: gateway client - 192.168.254.53
[2025/11/16 14:42:24] 11-- enable reclient: gateway
[2025/11/16 14:42:24] 12-- host server startup
[2025/11/16 14:42:24] 13-- tong server startup
[2025/11/16 14:42:24] 14-- chat server startup
[2025/11/16 14:42:24] 15-- SockThread start success
[2025/11/16 14:42:24] 16-- tong database open ok!
[2025/11/16 14:42:24] 17-- tongset init ok !
[2025/11/16 14:42:24] 18-- Initialize OK
