
*
***** S3Relay Start (@ 2025/11/16 22:39:59.367) >>>>>
*

[2025/11/16 22:39:59] 1-- Initializing ...
[2025/11/16 22:39:59] 2-- Create Channel: [Stock, GM] <00000000> GM
[2025/11/16 22:39:59] 3-- Create Channel: [Stock] <00000001> WORLD
[2025/11/16 22:39:59] 4-- friend timing update db: start
[2025/11/16 22:39:59] 5-- relay server startup
[2025/11/16 22:39:59] 6-- root client create: 192.168.254.53
[2025/11/16 22:39:59] 7-- DBRole client create: 192.168.254.53
[2025/11/16 22:39:59] 8-- root client close: 192.168.254.53
[2025/11/16 22:39:59] 9-- gateway client create: 192.168.254.53
[2025/11/16 22:39:59] 10-- host server startup
[2025/11/16 22:39:59] 11-- tong server startup
[2025/11/16 22:39:59] 12-- chat server startup
[2025/11/16 22:39:59] 13-- SockThread start success
[2025/11/16 22:39:59] 14-- tong database open ok!
[2025/11/16 22:39:59] 15-- tongset init ok !
[2025/11/16 22:39:59] 16-- Initialize OK
[2025/11/16 22:40:08] 17-- host connect create: 192.168.254.5
[2025/11/16 22:40:08] 18-- chat connect create: 192.168.254.5
[2025/11/16 22:40:08] 19-- tong connect create: 192.168.254.5
[2025/11/16 22:40:11] 20-- host connect create: 192.168.254.53
[2025/11/16 22:40:11] 21-- chat connect create: 192.168.254.53
[2025/11/16 22:40:11] 22-- tong connect create: 192.168.254.53
[2025/11/16 22:40:11] 23-- host connect create: 192.168.254.2
[2025/11/16 22:40:11] 24-- chat connect create: 192.168.254.2
[2025/11/16 22:40:11] 25-- tong connect create: 192.168.254.2
[2025/11/16 22:40:11] 26-- host connect create: 192.168.254.3
[2025/11/16 22:40:11] 27-- chat connect create: 192.168.254.3
[2025/11/16 22:40:11] 28-- tong connect create: 192.168.254.3
[2025/11/16 22:40:14] 29-- host connect create: 192.168.254.4
[2025/11/16 22:40:14] 30-- chat connect create: 192.168.254.4
[2025/11/16 22:40:14] 31-- tong connect create: 192.168.254.4
[2025/11/16 22:40:17] 32-- load someone: DienBaQuan
[2025/11/16 22:40:17] 33-- player login: 123456 [DienBaQuan] (02FEA8C0, 00000000)
[2025/11/16 22:40:17] 34-- Query ChannelID: \S from (02FEA8C0, 00000000)
[2025/11/16 22:40:17] 35-- Create Channel: <00000002> \S50243776
[2025/11/16 22:40:17] 36-- Query ChannelID: WORLD from (02FEA8C0, 00000000)
[2025/11/16 22:40:17] 37-- Query ChannelID: \F2 from (02FEA8C0, 00000000)
[2025/11/16 22:40:17] 38-- Create Channel: <00000003> \F2
[2025/11/16 22:40:17] 39-- Query ChannelID: GM from (02FEA8C0, 00000000)
[2025/11/16 22:40:17] 40-- Query ChannelID: \B from (02FEA8C0, 00000000)
[2025/11/16 22:40:17] 41-- Create Channel: <00000004> \B50243776
[2025/11/16 22:40:17] 42-- sync friend list: DienBaQuan (full)
[2025/11/16 22:40:17] 43-- Subscribe Channel: 00000002 by (02FEA8C0,00000000)
[2025/11/16 22:40:17] 44-- Subscribe Channel: 00000001 by (02FEA8C0,00000000)
[2025/11/16 22:40:17] 45-- Subscribe Channel: 00000003 by (02FEA8C0,00000000)
[2025/11/16 22:40:17] 46-- Subscribe Channel: GM <00000000> by (02FEA8C0,00000000)
[2025/11/16 22:40:17] 47-- Subscribe Channel: 00000004 by (02FEA8C0,00000000)
[2025/11/16 22:45:02] 48-- update friend DB succeed
[2025/11/16 22:50:02] 49-- update friend DB succeed
[2025/11/16 22:55:02] 50-- update friend DB succeed
[2025/11/16 23:00:02] 51-- update friend DB succeed
[2025/11/16 23:05:02] 52-- update friend DB succeed
[2025/11/16 23:10:02] 53-- update friend DB succeed
[2025/11/16 23:15:02] 54-- update friend DB succeed
[2025/11/16 23:20:02] 55-- update friend DB succeed
[2025/11/16 23:25:02] 56-- update friend DB succeed
[2025/11/16 23:30:03] 57-- update friend DB succeed
[2025/11/16 23:35:03] 58-- update friend DB succeed
[2025/11/16 23:40:03] 59-- update friend DB succeed
[2025/11/16 23:45:03] 60-- update friend DB succeed
[2025/11/16 23:50:03] 61-- update friend DB succeed
[2025/11/16 23:55:03] 62-- update friend DB succeed
[2025/11/17 00:00:03] 63-- update friend DB succeed
[2025/11/17 00:05:03] 64-- update friend DB succeed
[2025/11/17 00:10:03] 65-- update friend DB succeed
[2025/11/17 00:15:03] 66-- update friend DB succeed
[2025/11/17 00:20:03] 67-- update friend DB succeed
[2025/11/17 00:25:03] 68-- update friend DB succeed
[2025/11/17 00:30:03] 69-- update friend DB succeed
[2025/11/17 00:35:03] 70-- update friend DB succeed
[2025/11/17 00:40:03] 71-- update friend DB succeed
[2025/11/17 00:45:04] 72-- update friend DB succeed
[2025/11/17 00:50:04] 73-- update friend DB succeed
[2025/11/17 00:55:04] 74-- update friend DB succeed
[2025/11/17 01:00:04] 75-- update friend DB succeed
[2025/11/17 01:05:04] 76-- update friend DB succeed
[2025/11/17 01:10:04] 77-- update friend DB succeed
[2025/11/17 01:15:04] 78-- update friend DB succeed
[2025/11/17 01:20:04] 79-- update friend DB succeed
[2025/11/17 01:25:04] 80-- update friend DB succeed
[2025/11/17 01:30:04] 81-- update friend DB succeed
[2025/11/17 01:35:05] 82-- update friend DB succeed
[2025/11/17 01:40:05] 83-- update friend DB succeed
[2025/11/17 01:45:05] 84-- update friend DB succeed
[2025/11/17 01:50:05] 85-- update friend DB succeed
[2025/11/17 01:55:02] 86-- update friend DB succeed
[2025/11/17 02:00:02] 87-- update friend DB succeed
[2025/11/17 02:05:02] 88-- update friend DB succeed
[2025/11/17 02:10:03] 89-- update friend DB succeed
[2025/11/17 02:15:03] 90-- update friend DB succeed
[2025/11/17 02:20:03] 91-- update friend DB succeed
[2025/11/17 02:25:03] 92-- update friend DB succeed
[2025/11/17 02:30:03] 93-- update friend DB succeed
[2025/11/17 02:35:03] 94-- update friend DB succeed
[2025/11/17 02:40:03] 95-- update friend DB succeed
[2025/11/17 02:45:03] 96-- update friend DB succeed
[2025/11/17 02:50:03] 97-- update friend DB succeed
[2025/11/17 02:55:03] 98-- update friend DB succeed
[2025/11/17 03:00:03] 99-- update friend DB succeed
[2025/11/17 03:05:03] 100-- update friend DB succeed
[2025/11/17 03:10:04] 101-- update friend DB succeed
[2025/11/17 03:15:04] 102-- update friend DB succeed
[2025/11/17 03:20:04] 103-- update friend DB succeed
[2025/11/17 03:25:05] 104-- update friend DB succeed
[2025/11/17 03:30:05] 105-- update friend DB succeed
[2025/11/17 03:35:06] 106-- update friend DB succeed
[2025/11/17 03:40:06] 107-- update friend DB succeed
[2025/11/17 03:45:06] 108-- update friend DB succeed
[2025/11/17 03:50:06] 109-- update friend DB succeed
[2025/11/17 03:55:06] 110-- update friend DB succeed
[2025/11/17 04:00:06] 111-- update friend DB succeed
[2025/11/17 04:05:06] 112-- update friend DB succeed
[2025/11/17 04:10:06] 113-- update friend DB succeed
[2025/11/17 04:15:06] 114-- update friend DB succeed
[2025/11/17 04:20:06] 115-- update friend DB succeed
[2025/11/17 04:25:04] 116-- update friend DB succeed
[2025/11/17 04:30:04] 117-- update friend DB succeed
[2025/11/17 04:35:04] 118-- update friend DB succeed
[2025/11/17 04:40:04] 119-- update friend DB succeed
[2025/11/17 04:45:04] 120-- update friend DB succeed
[2025/11/17 04:50:04] 121-- update friend DB succeed
[2025/11/17 04:55:04] 122-- update friend DB succeed
[2025/11/17 05:00:04] 123-- update friend DB succeed
[2025/11/17 05:05:04] 124-- update friend DB succeed
[2025/11/17 05:10:04] 125-- update friend DB succeed
[2025/11/17 05:15:04] 126-- update friend DB succeed
[2025/11/17 05:20:04] 127-- update friend DB succeed
[2025/11/17 05:25:04] 128-- update friend DB succeed
[2025/11/17 05:30:05] 129-- update friend DB succeed
[2025/11/17 05:35:05] 130-- update friend DB succeed
[2025/11/17 05:40:05] 131-- update friend DB succeed
[2025/11/17 05:45:05] 132-- update friend DB succeed
[2025/11/17 05:50:05] 133-- update friend DB succeed
[2025/11/17 05:55:05] 134-- update friend DB succeed
[2025/11/17 06:00:05] 135-- update friend DB succeed
[2025/11/17 06:05:05] 136-- update friend DB succeed
[2025/11/17 06:10:05] 137-- update friend DB succeed
[2025/11/17 06:15:05] 138-- update friend DB succeed
[2025/11/17 06:20:05] 139-- update friend DB succeed
[2025/11/17 06:25:05] 140-- update friend DB succeed
[2025/11/17 06:30:05] 141-- update friend DB succeed
[2025/11/17 06:35:05] 142-- update friend DB succeed
[2025/11/17 06:40:05] 143-- update friend DB succeed
[2025/11/17 06:45:05] 144-- update friend DB succeed
[2025/11/17 06:50:05] 145-- update friend DB succeed
[2025/11/17 06:55:06] 146-- update friend DB succeed
[2025/11/17 07:00:06] 147-- update friend DB succeed
[2025/11/17 07:05:06] 148-- update friend DB succeed
[2025/11/17 07:10:06] 149-- update friend DB succeed
[2025/11/17 07:15:06] 150-- update friend DB succeed
[2025/11/17 07:20:06] 151-- update friend DB succeed
[2025/11/17 07:25:06] 152-- update friend DB succeed
[2025/11/17 07:30:06] 153-- update friend DB succeed
[2025/11/17 07:35:06] 154-- update friend DB succeed
[2025/11/17 07:40:06] 155-- update friend DB succeed
[2025/11/17 07:45:06] 156-- update friend DB succeed
[2025/11/17 07:50:06] 157-- update friend DB succeed
[2025/11/17 07:55:07] 158-- update friend DB succeed
[2025/11/17 08:00:04] 159-- update friend DB succeed
[2025/11/17 08:05:04] 160-- update friend DB succeed
[2025/11/17 08:10:04] 161-- update friend DB succeed
[2025/11/17 08:15:04] 162-- update friend DB succeed
[2025/11/17 08:20:04] 163-- update friend DB succeed
[2025/11/17 08:25:04] 164-- update friend DB succeed
[2025/11/17 08:30:04] 165-- update friend DB succeed
[2025/11/17 08:35:04] 166-- update friend DB succeed
[2025/11/17 08:40:04] 167-- update friend DB succeed
[2025/11/17 08:45:04] 168-- update friend DB succeed
[2025/11/17 08:50:05] 169-- update friend DB succeed
[2025/11/17 08:55:05] 170-- update friend DB succeed
[2025/11/17 09:00:05] 171-- update friend DB succeed
[2025/11/17 09:05:05] 172-- update friend DB succeed
[2025/11/17 09:10:05] 173-- update friend DB succeed
[2025/11/17 09:15:05] 174-- update friend DB succeed
[2025/11/17 09:20:05] 175-- update friend DB succeed
[2025/11/17 09:25:05] 176-- update friend DB succeed
[2025/11/17 09:30:05] 177-- update friend DB succeed
[2025/11/17 09:35:05] 178-- update friend DB succeed
[2025/11/17 09:40:05] 179-- update friend DB succeed
[2025/11/17 09:45:05] 180-- update friend DB succeed
[2025/11/17 09:50:05] 181-- update friend DB succeed
[2025/11/17 09:55:05] 182-- update friend DB succeed
