
*
***** S3Relay Start (@ 2025/11/15 19:33:52.745) >>>>>
*

[2025/11/15 19:33:52] 1-- Initializing ...
[2025/11/15 19:33:52] 2-- Create Channel: [Stock, GM] <00000000> GM
[2025/11/15 19:33:52] 3-- Create Channel: [Stock] <00000001> WORLD
[2025/11/15 19:33:52] 4-- friend timing update db: start
[2025/11/15 19:33:52] 5-- relay server startup
[2025/11/15 19:33:52] 6-- root client create: 192.168.254.53
[2025/11/15 19:33:52] 7-- DBRole client create: 192.168.254.53
[2025/11/15 19:33:52] 8-- root client close: 192.168.254.53
[2025/11/15 19:33:52] 9-- gateway client create: 192.168.254.53
[2025/11/15 19:33:52] 10-- host server startup
[2025/11/15 19:33:52] 11-- tong server startup
[2025/11/15 19:33:52] 12-- chat server startup
[2025/11/15 19:33:52] 13-- SockThread start success
[2025/11/15 19:33:52] 14-- tong database open ok!
[2025/11/15 19:33:52] 15-- tongset init ok !
[2025/11/15 19:33:52] 16-- Initialize OK
[2025/11/15 19:34:01] 17-- host connect create: 192.168.254.5
[2025/11/15 19:34:01] 18-- chat connect create: 192.168.254.5
[2025/11/15 19:34:01] 19-- tong connect create: 192.168.254.5
[2025/11/15 19:34:04] 20-- host connect create: 192.168.254.53
[2025/11/15 19:34:04] 21-- chat connect create: 192.168.254.53
[2025/11/15 19:34:04] 22-- tong connect create: 192.168.254.53
[2025/11/15 19:34:04] 23-- host connect create: 192.168.254.2
[2025/11/15 19:34:04] 24-- chat connect create: 192.168.254.2
[2025/11/15 19:34:04] 25-- tong connect create: 192.168.254.2
[2025/11/15 19:34:04] 26-- host connect create: 192.168.254.3
[2025/11/15 19:34:04] 27-- chat connect create: 192.168.254.3
[2025/11/15 19:34:04] 28-- tong connect create: 192.168.254.3
[2025/11/15 19:34:07] 29-- host connect create: 192.168.254.4
[2025/11/15 19:34:07] 30-- chat connect create: 192.168.254.4
[2025/11/15 19:34:07] 31-- tong connect create: 192.168.254.4
[2025/11/15 19:34:10] 32-- load someone: DienBaQuan
[2025/11/15 19:34:10] 33-- player login: 123456 [DienBaQuan] (02FEA8C0, 00000000)
[2025/11/15 19:34:10] 34-- Query ChannelID: \S from (02FEA8C0, 00000000)
[2025/11/15 19:34:10] 35-- Create Channel: <00000002> \S50243776
[2025/11/15 19:34:10] 36-- Query ChannelID: WORLD from (02FEA8C0, 00000000)
[2025/11/15 19:34:10] 37-- Query ChannelID: \F2 from (02FEA8C0, 00000000)
[2025/11/15 19:34:10] 38-- Create Channel: <00000003> \F2
[2025/11/15 19:34:10] 39-- Query ChannelID: GM from (02FEA8C0, 00000000)
[2025/11/15 19:34:10] 40-- Query ChannelID: \B from (02FEA8C0, 00000000)
[2025/11/15 19:34:10] 41-- Create Channel: <00000004> \B50243776
[2025/11/15 19:34:10] 42-- sync friend list: DienBaQuan (full)
[2025/11/15 19:34:10] 43-- Subscribe Channel: 00000002 by (02FEA8C0,00000000)
[2025/11/15 19:34:10] 44-- Subscribe Channel: 00000001 by (02FEA8C0,00000000)
[2025/11/15 19:34:10] 45-- Subscribe Channel: 00000003 by (02FEA8C0,00000000)
[2025/11/15 19:34:10] 46-- Subscribe Channel: GM <00000000> by (02FEA8C0,00000000)
[2025/11/15 19:34:10] 47-- Subscribe Channel: 00000004 by (02FEA8C0,00000000)
[2025/11/15 19:38:55] 48-- update friend DB succeed
[2025/11/15 19:43:55] 49-- update friend DB succeed
[2025/11/15 19:48:55] 50-- update friend DB succeed
[2025/11/15 19:53:55] 51-- update friend DB succeed
[2025/11/15 19:58:55] 52-- update friend DB succeed
[2025/11/15 20:03:55] 53-- update friend DB succeed
[2025/11/15 20:08:56] 54-- update friend DB succeed
[2025/11/15 20:13:56] 55-- update friend DB succeed
[2025/11/15 20:18:56] 56-- update friend DB succeed
[2025/11/15 20:23:56] 57-- update friend DB succeed
[2025/11/15 20:28:56] 58-- update friend DB succeed
[2025/11/15 20:33:56] 59-- update friend DB succeed
[2025/11/15 20:38:56] 60-- update friend DB succeed
[2025/11/15 20:43:56] 61-- update friend DB succeed
[2025/11/15 20:48:56] 62-- update friend DB succeed
[2025/11/15 20:53:56] 63-- update friend DB succeed
[2025/11/15 20:58:56] 64-- update friend DB succeed
[2025/11/15 21:03:56] 65-- update friend DB succeed
[2025/11/15 21:08:56] 66-- update friend DB succeed
[2025/11/15 21:13:56] 67-- update friend DB succeed
[2025/11/15 21:18:56] 68-- update friend DB succeed
[2025/11/15 21:23:56] 69-- update friend DB succeed
[2025/11/15 21:28:56] 70-- update friend DB succeed
[2025/11/15 21:30:59] 71-- Destroy Channel: <00000002> \S50243776
[2025/11/15 21:30:59] 72-- Destroy Channel: <00000003> \F2
[2025/11/15 21:30:59] 73-- Destroy Channel: <00000004> \B50243776
[2025/11/15 21:30:59] 74-- player logout: 123456
[2025/11/15 21:33:56] 75-- update friend DB succeed
[2025/11/15 21:38:56] 76-- update friend DB succeed
[2025/11/15 21:43:56] 77-- update friend DB succeed
[2025/11/15 21:48:56] 78-- update friend DB succeed
[2025/11/15 21:53:56] 79-- update friend DB succeed
[2025/11/15 21:58:56] 80-- update friend DB succeed
[2025/11/15 22:03:56] 81-- update friend DB succeed
[2025/11/15 22:08:56] 82-- update friend DB succeed
[2025/11/15 22:11:20] 83-- player login: 123456 [DienBaQuan] (02FEA8C0, 00000001)
[2025/11/15 22:11:20] 84-- Query ChannelID: \S from (02FEA8C0, 00000001)
[2025/11/15 22:11:20] 85-- Create Channel: <00000005> \S50243776
[2025/11/15 22:11:20] 86-- Query ChannelID: WORLD from (02FEA8C0, 00000001)
[2025/11/15 22:11:20] 87-- Query ChannelID: \F2 from (02FEA8C0, 00000001)
[2025/11/15 22:11:20] 88-- Create Channel: <00000006> \F2
[2025/11/15 22:11:20] 89-- Query ChannelID: GM from (02FEA8C0, 00000001)
[2025/11/15 22:11:20] 90-- Query ChannelID: \B from (02FEA8C0, 00000001)
[2025/11/15 22:11:20] 91-- Create Channel: <00000007> \B50243776
[2025/11/15 22:11:20] 92-- sync friend list: DienBaQuan (full)
[2025/11/15 22:11:20] 93-- Subscribe Channel: 00000005 by (02FEA8C0,00000001)
[2025/11/15 22:11:20] 94-- Subscribe Channel: 00000001 by (02FEA8C0,00000001)
[2025/11/15 22:11:20] 95-- Subscribe Channel: 00000006 by (02FEA8C0,00000001)
[2025/11/15 22:11:20] 96-- Subscribe Channel: GM <00000000> by (02FEA8C0,00000001)
[2025/11/15 22:11:20] 97-- Subscribe Channel: 00000007 by (02FEA8C0,00000001)
[2025/11/15 22:13:56] 98-- update friend DB succeed
