
*
***** S3Relay Start (@ 2025/11/17 10:00:19.156) >>>>>
*

[2025/11/17 10:00:19] 1-- Initializing ...
[2025/11/17 10:00:19] 2-- Create Channel: [Stock, GM] <00000000> GM
[2025/11/17 10:00:19] 3-- Create Channel: [Stock] <00000001> WORLD
[2025/11/17 10:00:19] 4-- friend timing update db: start
[2025/11/17 10:00:19] 5-- relay server startup
[2025/11/17 10:00:19] 6-- root client create: 192.168.254.53
[2025/11/17 10:00:19] 7-- DBRole client create: 192.168.254.53
[2025/11/17 10:00:19] 8-- root client close: 192.168.254.53
[2025/11/17 10:00:19] 9-- gateway client create: 192.168.254.53
[2025/11/17 10:00:19] 10-- host server startup
[2025/11/17 10:00:19] 11-- tong server startup
[2025/11/17 10:00:19] 12-- chat server startup
[2025/11/17 10:00:19] 13-- SockThread start success
[2025/11/17 10:00:19] 14-- tong database open ok!
[2025/11/17 10:00:19] 15-- tongset init ok !
[2025/11/17 10:00:19] 16-- Initialize OK
[2025/11/17 10:00:28] 17-- host connect create: 192.168.254.5
[2025/11/17 10:00:28] 18-- chat connect create: 192.168.254.5
[2025/11/17 10:00:28] 19-- tong connect create: 192.168.254.5
[2025/11/17 10:00:31] 20-- host connect create: 192.168.254.53
[2025/11/17 10:00:31] 21-- chat connect create: 192.168.254.53
[2025/11/17 10:00:31] 22-- tong connect create: 192.168.254.53
[2025/11/17 10:00:31] 23-- host connect create: 192.168.254.2
[2025/11/17 10:00:31] 24-- chat connect create: 192.168.254.2
[2025/11/17 10:00:31] 25-- tong connect create: 192.168.254.2
[2025/11/17 10:00:31] 26-- host connect create: 192.168.254.3
[2025/11/17 10:00:31] 27-- chat connect create: 192.168.254.3
[2025/11/17 10:00:31] 28-- tong connect create: 192.168.254.3
[2025/11/17 10:00:34] 29-- host connect create: 192.168.254.4
[2025/11/17 10:00:34] 30-- chat connect create: 192.168.254.4
[2025/11/17 10:00:34] 31-- tong connect create: 192.168.254.4
[2025/11/17 10:00:37] 32-- load someone: DienBaQuan
[2025/11/17 10:00:37] 33-- player login: 123456 [DienBaQuan] (02FEA8C0, 00000000)
[2025/11/17 10:00:37] 34-- Query ChannelID: \S from (02FEA8C0, 00000000)
[2025/11/17 10:00:37] 35-- Create Channel: <00000002> \S50243776
[2025/11/17 10:00:37] 36-- Query ChannelID: WORLD from (02FEA8C0, 00000000)
[2025/11/17 10:00:37] 37-- Query ChannelID: \F2 from (02FEA8C0, 00000000)
[2025/11/17 10:00:37] 38-- Create Channel: <00000003> \F2
[2025/11/17 10:00:37] 39-- Query ChannelID: GM from (02FEA8C0, 00000000)
[2025/11/17 10:00:37] 40-- Query ChannelID: \B from (02FEA8C0, 00000000)
[2025/11/17 10:00:37] 41-- Create Channel: <00000004> \B50243776
[2025/11/17 10:00:37] 42-- sync friend list: DienBaQuan (full)
[2025/11/17 10:00:37] 43-- Subscribe Channel: 00000002 by (02FEA8C0,00000000)
[2025/11/17 10:00:37] 44-- Subscribe Channel: 00000001 by (02FEA8C0,00000000)
[2025/11/17 10:00:37] 45-- Subscribe Channel: 00000003 by (02FEA8C0,00000000)
[2025/11/17 10:00:37] 46-- Subscribe Channel: GM <00000000> by (02FEA8C0,00000000)
[2025/11/17 10:00:37] 47-- Subscribe Channel: 00000004 by (02FEA8C0,00000000)
[2025/11/17 10:05:22] 48-- update friend DB succeed
[2025/11/17 10:10:22] 49-- update friend DB succeed
[2025/11/17 10:15:22] 50-- update friend DB succeed
[2025/11/17 10:20:22] 51-- update friend DB succeed
[2025/11/17 10:25:22] 52-- update friend DB succeed
[2025/11/17 10:30:22] 53-- update friend DB succeed
[2025/11/17 10:35:22] 54-- update friend DB succeed
[2025/11/17 10:40:22] 55-- update friend DB succeed
[2025/11/17 10:45:23] 56-- update friend DB succeed
[2025/11/17 10:50:23] 57-- update friend DB succeed
[2025/11/17 10:55:23] 58-- update friend DB succeed
[2025/11/17 11:00:23] 59-- update friend DB succeed
[2025/11/17 11:05:23] 60-- update friend DB succeed
[2025/11/17 11:10:23] 61-- update friend DB succeed
[2025/11/17 11:15:23] 62-- update friend DB succeed
[2025/11/17 11:20:23] 63-- update friend DB succeed
[2025/11/17 11:25:23] 64-- update friend DB succeed
[2025/11/17 11:30:23] 65-- update friend DB succeed
[2025/11/17 11:35:23] 66-- update friend DB succeed
[2025/11/17 11:40:23] 67-- update friend DB succeed
[2025/11/17 11:45:23] 68-- update friend DB succeed
[2025/11/17 11:50:23] 69-- update friend DB succeed
[2025/11/17 11:55:23] 70-- update friend DB succeed
[2025/11/17 12:00:23] 71-- update friend DB succeed
[2025/11/17 12:05:24] 72-- update friend DB succeed
[2025/11/17 12:10:24] 73-- update friend DB succeed
[2025/11/17 12:15:24] 74-- update friend DB succeed
[2025/11/17 12:20:24] 75-- update friend DB succeed
[2025/11/17 12:25:24] 76-- update friend DB succeed
[2025/11/17 12:30:24] 77-- update friend DB succeed
[2025/11/17 12:35:24] 78-- update friend DB succeed
[2025/11/17 12:40:24] 79-- update friend DB succeed
[2025/11/17 12:45:24] 80-- update friend DB succeed
[2025/11/17 12:50:24] 81-- update friend DB succeed
[2025/11/17 12:55:24] 82-- update friend DB succeed
[2025/11/17 13:00:24] 83-- update friend DB succeed
[2025/11/17 13:05:24] 84-- update friend DB succeed
[2025/11/17 13:10:24] 85-- update friend DB succeed
[2025/11/17 13:15:24] 86-- update friend DB succeed
[2025/11/17 13:20:24] 87-- update friend DB succeed
[2025/11/17 13:25:24] 88-- update friend DB succeed
[2025/11/17 13:30:25] 89-- update friend DB succeed
[2025/11/17 13:35:25] 90-- update friend DB succeed
[2025/11/17 13:40:22] 91-- update friend DB succeed
[2025/11/17 13:45:22] 92-- update friend DB succeed
[2025/11/17 13:50:22] 93-- update friend DB succeed
[2025/11/17 13:55:22] 94-- update friend DB succeed
[2025/11/17 14:00:22] 95-- update friend DB succeed
[2025/11/17 14:05:22] 96-- update friend DB succeed
[2025/11/17 14:10:22] 97-- update friend DB succeed
[2025/11/17 14:15:22] 98-- update friend DB succeed
[2025/11/17 14:20:22] 99-- update friend DB succeed
