
*
***** S3Relay Start (@ 2025/11/18 12:00:53.247) >>>>>
*

[2025/11/18 12:00:53] 1-- Initializing ...
[2025/11/18 12:00:53] 2-- Create Channel: [Stock, GM] <00000000> GM
[2025/11/18 12:00:53] 3-- Create Channel: [Stock] <00000001> WORLD
[2025/11/18 12:00:53] 4-- friend timing update db: start
[2025/11/18 12:00:53] 5-- relay server startup
[2025/11/18 12:00:53] 6-- root client create: 192.168.254.53
[2025/11/18 12:00:53] 7-- DBRole client create: 192.168.254.53
[2025/11/18 12:00:53] 8-- root client close: 192.168.254.53
[2025/11/18 12:00:53] 9-- gateway client create: 192.168.254.53
[2025/11/18 12:00:53] 10-- host server startup
[2025/11/18 12:00:53] 11-- tong server startup
[2025/11/18 12:00:53] 12-- chat server startup
[2025/11/18 12:00:53] 13-- SockThread start success
[2025/11/18 12:00:53] 14-- tong database open ok!
[2025/11/18 12:00:53] 15-- tongset init ok !
[2025/11/18 12:00:53] 16-- Initialize OK
[2025/11/18 12:01:02] 17-- host connect create: 192.168.254.5
[2025/11/18 12:01:02] 18-- chat connect create: 192.168.254.5
[2025/11/18 12:01:02] 19-- tong connect create: 192.168.254.5
[2025/11/18 12:01:05] 20-- host connect create: 192.168.254.53
[2025/11/18 12:01:05] 21-- chat connect create: 192.168.254.53
[2025/11/18 12:01:05] 22-- tong connect create: 192.168.254.53
[2025/11/18 12:01:05] 23-- host connect create: 192.168.254.2
[2025/11/18 12:01:05] 24-- chat connect create: 192.168.254.2
[2025/11/18 12:01:05] 25-- tong connect create: 192.168.254.2
[2025/11/18 12:01:05] 26-- host connect create: 192.168.254.3
[2025/11/18 12:01:05] 27-- chat connect create: 192.168.254.3
[2025/11/18 12:01:05] 28-- tong connect create: 192.168.254.3
[2025/11/18 12:01:08] 29-- host connect create: 192.168.254.4
[2025/11/18 12:01:08] 30-- chat connect create: 192.168.254.4
[2025/11/18 12:01:08] 31-- tong connect create: 192.168.254.4
[2025/11/18 12:01:35] 32-- load someone: DienBaQuan
[2025/11/18 12:01:35] 33-- player login: 123456 [DienBaQuan] (02FEA8C0, 00000000)
[2025/11/18 12:01:35] 34-- Query ChannelID: \S from (02FEA8C0, 00000000)
[2025/11/18 12:01:35] 35-- Create Channel: <00000002> \S50243776
[2025/11/18 12:01:35] 36-- Query ChannelID: WORLD from (02FEA8C0, 00000000)
[2025/11/18 12:01:35] 37-- Query ChannelID: \F2 from (02FEA8C0, 00000000)
[2025/11/18 12:01:35] 38-- Create Channel: <00000003> \F2
[2025/11/18 12:01:35] 39-- Query ChannelID: GM from (02FEA8C0, 00000000)
[2025/11/18 12:01:35] 40-- Query ChannelID: \B from (02FEA8C0, 00000000)
[2025/11/18 12:01:35] 41-- Create Channel: <00000004> \B50243776
[2025/11/18 12:01:35] 42-- sync friend list: DienBaQuan (full)
[2025/11/18 12:01:35] 43-- Subscribe Channel: 00000002 by (02FEA8C0,00000000)
[2025/11/18 12:01:35] 44-- Subscribe Channel: 00000001 by (02FEA8C0,00000000)
[2025/11/18 12:01:35] 45-- Subscribe Channel: 00000003 by (02FEA8C0,00000000)
[2025/11/18 12:01:35] 46-- Subscribe Channel: GM <00000000> by (02FEA8C0,00000000)
[2025/11/18 12:01:35] 47-- Subscribe Channel: 00000004 by (02FEA8C0,00000000)
[2025/11/18 12:05:56] 48-- update friend DB succeed
[2025/11/18 12:10:56] 49-- update friend DB succeed
[2025/11/18 12:15:56] 50-- update friend DB succeed
[2025/11/18 12:20:56] 51-- update friend DB succeed
[2025/11/18 12:25:56] 52-- update friend DB succeed
[2025/11/18 12:30:56] 53-- update friend DB succeed
[2025/11/18 12:35:56] 54-- update friend DB succeed
[2025/11/18 12:40:57] 55-- update friend DB succeed
[2025/11/18 12:45:57] 56-- update friend DB succeed
[2025/11/18 12:50:57] 57-- update friend DB succeed
[2025/11/18 12:55:57] 58-- update friend DB succeed
[2025/11/18 13:00:57] 59-- update friend DB succeed
[2025/11/18 13:05:57] 60-- update friend DB succeed
[2025/11/18 13:10:57] 61-- update friend DB succeed
[2025/11/18 13:15:57] 62-- update friend DB succeed
[2025/11/18 13:20:57] 63-- update friend DB succeed
[2025/11/18 13:25:57] 64-- update friend DB succeed
[2025/11/18 13:30:57] 65-- update friend DB succeed
[2025/11/18 13:35:57] 66-- update friend DB succeed
[2025/11/18 13:40:57] 67-- update friend DB succeed
[2025/11/18 13:45:57] 68-- update friend DB succeed
[2025/11/18 13:50:57] 69-- update friend DB succeed
[2025/11/18 13:55:57] 70-- update friend DB succeed
[2025/11/18 14:00:58] 71-- update friend DB succeed
[2025/11/18 14:05:58] 72-- update friend DB succeed
[2025/11/18 14:10:58] 73-- update friend DB succeed
[2025/11/18 14:15:58] 74-- update friend DB succeed
[2025/11/18 14:20:58] 75-- update friend DB succeed
[2025/11/18 14:25:58] 76-- update friend DB succeed
[2025/11/18 14:30:58] 77-- update friend DB succeed
[2025/11/18 14:35:58] 78-- update friend DB succeed
[2025/11/18 14:40:58] 79-- update friend DB succeed
[2025/11/18 14:45:58] 80-- update friend DB succeed
[2025/11/18 14:50:58] 81-- update friend DB succeed
[2025/11/18 14:55:58] 82-- update friend DB succeed
[2025/11/18 15:00:58] 83-- update friend DB succeed
[2025/11/18 15:05:58] 84-- update friend DB succeed
[2025/11/18 15:10:58] 85-- update friend DB succeed
[2025/11/18 15:15:58] 86-- update friend DB succeed
[2025/11/18 15:20:59] 87-- update friend DB succeed
[2025/11/18 15:25:59] 88-- update friend DB succeed
[2025/11/18 15:30:59] 89-- update friend DB succeed
[2025/11/18 15:35:59] 90-- update friend DB succeed
[2025/11/18 15:40:59] 91-- update friend DB succeed
[2025/11/18 15:45:59] 92-- update friend DB succeed
[2025/11/18 15:50:56] 93-- update friend DB succeed
[2025/11/18 15:55:56] 94-- update friend DB succeed
[2025/11/18 16:00:56] 95-- update friend DB succeed
[2025/11/18 16:05:56] 96-- update friend DB succeed
[2025/11/18 16:10:56] 97-- update friend DB succeed
[2025/11/18 16:15:56] 98-- update friend DB succeed
[2025/11/18 16:20:56] 99-- update friend DB succeed
[2025/11/18 16:25:56] 100-- update friend DB succeed
[2025/11/18 16:30:56] 101-- update friend DB succeed
[2025/11/18 16:35:56] 102-- update friend DB succeed
[2025/11/18 16:40:56] 103-- update friend DB succeed
[2025/11/18 16:45:56] 104-- update friend DB succeed
[2025/11/18 16:50:57] 105-- update friend DB succeed
[2025/11/18 16:55:57] 106-- update friend DB succeed
[2025/11/18 17:00:57] 107-- update friend DB succeed
[2025/11/18 17:05:57] 108-- update friend DB succeed
[2025/11/18 17:10:57] 109-- update friend DB succeed
[2025/11/18 17:15:57] 110-- update friend DB succeed
[2025/11/18 17:20:57] 111-- update friend DB succeed
[2025/11/18 17:25:57] 112-- update friend DB succeed
[2025/11/18 17:30:57] 113-- update friend DB succeed
[2025/11/18 17:35:57] 114-- update friend DB succeed
[2025/11/18 17:40:57] 115-- update friend DB succeed
[2025/11/18 17:45:57] 116-- update friend DB succeed
[2025/11/18 17:50:57] 117-- update friend DB succeed
[2025/11/18 17:55:57] 118-- update friend DB succeed
[2025/11/18 18:00:57] 119-- update friend DB succeed
[2025/11/18 18:05:57] 120-- update friend DB succeed
[2025/11/18 18:10:57] 121-- update friend DB succeed
[2025/11/18 18:15:57] 122-- update friend DB succeed
[2025/11/18 18:20:57] 123-- update friend DB succeed
[2025/11/18 18:25:58] 124-- update friend DB succeed
[2025/11/18 18:30:58] 125-- update friend DB succeed
[2025/11/18 18:35:58] 126-- update friend DB succeed
[2025/11/18 18:40:58] 127-- update friend DB succeed
[2025/11/18 18:45:58] 128-- update friend DB succeed
[2025/11/18 18:50:58] 129-- update friend DB succeed
[2025/11/18 18:55:58] 130-- update friend DB succeed
[2025/11/18 19:00:58] 131-- update friend DB succeed
[2025/11/18 19:05:58] 132-- update friend DB succeed
[2025/11/18 19:10:58] 133-- update friend DB succeed
[2025/11/18 19:15:59] 134-- update friend DB succeed
[2025/11/18 19:20:59] 135-- update friend DB succeed
[2025/11/18 19:25:59] 136-- update friend DB succeed
[2025/11/18 19:30:59] 137-- update friend DB succeed
[2025/11/18 19:35:56] 138-- update friend DB succeed
[2025/11/18 19:40:56] 139-- update friend DB succeed
[2025/11/18 19:45:56] 140-- update friend DB succeed
