
*
***** S3Relay Start (@ 2025/11/18 20:08:09.857) >>>>>
*

[2025/11/18 20:08:09] 1-- Initializing ...
[2025/11/18 20:08:09] 2-- Create Channel: [Stock, GM] <00000000> GM
[2025/11/18 20:08:09] 3-- Create Channel: [Stock] <00000001> WORLD
[2025/11/18 20:08:09] 4-- friend timing update db: start
[2025/11/18 20:08:09] 5-- relay server startup
[2025/11/18 20:08:09] 6-- root client create: 192.168.254.53
[2025/11/18 20:08:09] 7-- DBRole client create: 192.168.254.53
[2025/11/18 20:08:09] 8-- root client close: 192.168.254.53
[2025/11/18 20:08:09] 9-- gateway client create: 192.168.254.53
[2025/11/18 20:08:09] 10-- host server startup
[2025/11/18 20:08:09] 11-- tong server startup
[2025/11/18 20:08:09] 12-- chat server startup
[2025/11/18 20:08:09] 13-- SockThread start success
[2025/11/18 20:08:09] 14-- tong database open ok!
[2025/11/18 20:08:09] 15-- tongset init ok !
[2025/11/18 20:08:09] 16-- Initialize OK
[2025/11/18 20:08:18] 17-- host connect create: 192.168.254.5
[2025/11/18 20:08:18] 18-- chat connect create: 192.168.254.5
[2025/11/18 20:08:18] 19-- tong connect create: 192.168.254.5
[2025/11/18 20:08:21] 20-- host connect create: 192.168.254.53
[2025/11/18 20:08:21] 21-- chat connect create: 192.168.254.53
[2025/11/18 20:08:21] 22-- tong connect create: 192.168.254.53
[2025/11/18 20:08:21] 23-- host connect create: 192.168.254.2
[2025/11/18 20:08:21] 24-- chat connect create: 192.168.254.2
[2025/11/18 20:08:21] 25-- tong connect create: 192.168.254.2
[2025/11/18 20:08:21] 26-- host connect create: 192.168.254.3
[2025/11/18 20:08:21] 27-- chat connect create: 192.168.254.3
[2025/11/18 20:08:21] 28-- tong connect create: 192.168.254.3
[2025/11/18 20:08:24] 29-- host connect create: 192.168.254.4
[2025/11/18 20:08:24] 30-- chat connect create: 192.168.254.4
[2025/11/18 20:08:24] 31-- tong connect create: 192.168.254.4
[2025/11/18 20:08:24] 32-- load someone: DienBaQuan
[2025/11/18 20:08:24] 33-- player login: 123456 [DienBaQuan] (02FEA8C0, 00000000)
[2025/11/18 20:08:24] 34-- Query ChannelID: \S from (02FEA8C0, 00000000)
[2025/11/18 20:08:24] 35-- Create Channel: <00000002> \S50243776
[2025/11/18 20:08:24] 36-- Query ChannelID: WORLD from (02FEA8C0, 00000000)
[2025/11/18 20:08:24] 37-- Query ChannelID: \F2 from (02FEA8C0, 00000000)
[2025/11/18 20:08:24] 38-- Create Channel: <00000003> \F2
[2025/11/18 20:08:24] 39-- Query ChannelID: GM from (02FEA8C0, 00000000)
[2025/11/18 20:08:24] 40-- Query ChannelID: \B from (02FEA8C0, 00000000)
[2025/11/18 20:08:24] 41-- Create Channel: <00000004> \B50243776
[2025/11/18 20:08:24] 42-- sync friend list: DienBaQuan (full)
[2025/11/18 20:08:27] 43-- Subscribe Channel: 00000002 by (02FEA8C0,00000000)
[2025/11/18 20:08:27] 44-- Subscribe Channel: 00000001 by (02FEA8C0,00000000)
[2025/11/18 20:08:27] 45-- Subscribe Channel: 00000003 by (02FEA8C0,00000000)
[2025/11/18 20:08:27] 46-- Subscribe Channel: GM <00000000> by (02FEA8C0,00000000)
[2025/11/18 20:08:27] 47-- Subscribe Channel: 00000004 by (02FEA8C0,00000000)
[2025/11/18 20:08:33] 48-- Destroy Channel: <00000002> \S50243776
[2025/11/18 20:08:33] 49-- Destroy Channel: <00000003> \F2
[2025/11/18 20:08:33] 50-- Destroy Channel: <00000004> \B50243776
[2025/11/18 20:08:33] 51-- player logout: 123456
[2025/11/18 20:09:00] 52-- load someone: ThieuLam
[2025/11/18 20:09:00] 53-- player login: 123456 [ThieuLam] (35FEA8C0, 00000000)
[2025/11/18 20:09:00] 54-- Query ChannelID: \S from (35FEA8C0, 00000000)
[2025/11/18 20:09:00] 55-- Create Channel: <00000005> \S905881792
[2025/11/18 20:09:00] 56-- Query ChannelID: WORLD from (35FEA8C0, 00000000)
[2025/11/18 20:09:00] 57-- Query ChannelID: GM from (35FEA8C0, 00000000)
[2025/11/18 20:09:00] 58-- Query ChannelID: \B from (35FEA8C0, 00000000)
[2025/11/18 20:09:00] 59-- Create Channel: <00000006> \B905881792
[2025/11/18 20:09:00] 60-- sync friend list: ThieuLam (full)
[2025/11/18 20:09:00] 61-- Subscribe Channel: 00000005 by (35FEA8C0,00000000)
[2025/11/18 20:09:00] 62-- Subscribe Channel: 00000001 by (35FEA8C0,00000000)
[2025/11/18 20:09:00] 63-- Subscribe Channel: GM <00000000> by (35FEA8C0,00000000)
[2025/11/18 20:09:00] 64-- Subscribe Channel: 00000006 by (35FEA8C0,00000000)
[2025/11/18 20:09:18] 65-- Query ChannelID: \F1 from (35FEA8C0, 00000000)
[2025/11/18 20:09:18] 66-- Create Channel: <00000007> \F1
[2025/11/18 20:09:18] 67-- Subscribe Channel: 00000007 by (35FEA8C0,00000000)
[2025/11/18 20:13:13] 68-- update friend DB succeed
[2025/11/18 20:17:13] 69-- Destroy Channel: <00000005> \S905881792
[2025/11/18 20:17:13] 70-- Destroy Channel: <00000006> \B905881792
[2025/11/18 20:17:13] 71-- Destroy Channel: <00000007> \F1
[2025/11/18 20:17:13] 72-- player logout: 123456
[2025/11/18 20:17:25] 73-- player login: 123456 [ThieuLam] (35FEA8C0, 00000001)
[2025/11/18 20:17:25] 74-- Query ChannelID: \S from (35FEA8C0, 00000001)
[2025/11/18 20:17:25] 75-- Create Channel: <00000008> \S905881792
[2025/11/18 20:17:25] 76-- Query ChannelID: WORLD from (35FEA8C0, 00000001)
[2025/11/18 20:17:25] 77-- Query ChannelID: \F1 from (35FEA8C0, 00000001)
[2025/11/18 20:17:25] 78-- Create Channel: <00000009> \F1
[2025/11/18 20:17:25] 79-- Query ChannelID: GM from (35FEA8C0, 00000001)
[2025/11/18 20:17:25] 80-- Query ChannelID: \B from (35FEA8C0, 00000001)
[2025/11/18 20:17:25] 81-- Create Channel: <0000000A> \B905881792
[2025/11/18 20:17:25] 82-- sync friend list: ThieuLam (full)
[2025/11/18 20:17:25] 83-- Subscribe Channel: 00000008 by (35FEA8C0,00000001)
[2025/11/18 20:17:25] 84-- Subscribe Channel: 00000001 by (35FEA8C0,00000001)
[2025/11/18 20:17:25] 85-- Subscribe Channel: 00000009 by (35FEA8C0,00000001)
[2025/11/18 20:17:25] 86-- Subscribe Channel: GM <00000000> by (35FEA8C0,00000001)
[2025/11/18 20:17:25] 87-- Subscribe Channel: 0000000A by (35FEA8C0,00000001)
[2025/11/18 20:18:13] 88-- update friend DB succeed
[2025/11/18 20:23:13] 89-- update friend DB succeed
[2025/11/18 20:28:13] 90-- update friend DB succeed
[2025/11/18 20:33:13] 91-- update friend DB succeed
[2025/11/18 20:38:13] 92-- update friend DB succeed
[2025/11/18 20:43:13] 93-- update friend DB succeed
[2025/11/18 20:48:13] 94-- update friend DB succeed
[2025/11/18 20:53:13] 95-- update friend DB succeed
[2025/11/18 20:58:13] 96-- update friend DB succeed
[2025/11/18 21:03:13] 97-- update friend DB succeed
[2025/11/18 21:08:13] 98-- update friend DB succeed
[2025/11/18 21:13:14] 99-- update friend DB succeed
[2025/11/18 21:18:14] 100-- update friend DB succeed
