
*
***** Sword3PaySys Start (@ 2025/11/16 12:00:14.602) >>>>>
*

[2025/11/16 12:00:20] 1 >> DB Connect 0 is busy !
[2025/11/16 12:00:20] 2 >> Add Gateway(192.168.254.53 : 62702) Client 0 ! // -- At 0
[2025/11/16 12:00:20] 3 >> Gateway txjx(192.168.254.53)D89E-F301-B7E6: Verify OK !
[2025/11/16 12:00:20] 4 >> Gateway unlock OK!
[2025/11/16 12:00:20] 5 >> Gateway Connect OK!
[2025/11/16 12:00:23] 6 >> DB Connect 0 is free !
[2025/11/16 12:00:41] 7 >> Remove Gateway Client 0 ! // -- At 0
[2025/11/16 12:00:41] 8 >> DB Connect 0 is busy !
[2025/11/16 12:00:41] 9 >> ReAdd Gateway(192.168.254.53 : 62718) Client 1 ! // -- At 0
[2025/11/16 12:00:41] 10 >> DB Connect 0 is free !
[2025/11/16 12:00:41] 11 >> DB Connect 0 is busy !
[2025/11/16 12:00:41] 12 >> Gateway txjx(192.168.254.53)D89E-F301-B7E6: Verify OK !
[2025/11/16 12:00:41] 13 >> Gateway Connect Again OK!
[2025/11/16 12:00:41] 14 >> DB Connect 0 is free !
[2025/11/16 12:00:42] Nomal exit !!!

*
***** Sword3PaySys Stop (@ 2025/11/16 12:00:42.027) <<<<<
*

