
*
***** Sword3PaySys Start (@ 2025/11/16 15:29:49.894) >>>>>
*

[2025/11/16 15:29:55] 1 >> DB Connect 0 is busy !
[2025/11/16 15:29:55] 2 >> Add Gateway(192.168.254.53 : 63443) Client 0 ! // -- At 0
[2025/11/16 15:29:55] 3 >> Gateway txjx(192.168.254.53)D89E-F301-B7E6: Verify OK !
[2025/11/16 15:29:55] 4 >> Gateway unlock OK!
[2025/11/16 15:29:55] 5 >> Gateway Connect OK!
[2025/11/16 15:29:58] 6 >> DB Connect 0 is free !
[2025/11/16 15:30:17] 7 >> Remove Gateway Client 0 ! // -- At 0
[2025/11/16 15:30:17] 8 >> DB Connect 0 is busy !
[2025/11/16 15:30:17] 9 >> ReAdd Gateway(192.168.254.53 : 63456) Client 1 ! // -- At 0
[2025/11/16 15:30:17] 10 >> DB Connect 0 is free !
[2025/11/16 15:30:17] 11 >> DB Connect 0 is busy !
[2025/11/16 15:30:17] 12 >> Gateway txjx(192.168.254.53)D89E-F301-B7E6: Verify OK !
[2025/11/16 15:30:17] 13 >> Gateway Connect Again OK!
[2025/11/16 15:30:17] 14 >> DB Connect 0 is free !
[2025/11/16 15:30:17] Nomal exit !!!

*
***** Sword3PaySys Stop (@ 2025/11/16 15:30:17.201) <<<<<
*

