
*
***** S3Relay Start (@ 2025/10/24 20:36:22.945) >>>>>
*

[2025/10/24 20:36:23] 1-- Initializing ...
[2025/10/24 20:36:23] 2-- Create Channel: [Stock, GM] <00000000> GM
[2025/10/24 20:36:23] 3-- Create Channel: [Stock] <00000001> WORLD
[2025/10/24 20:36:23] 4-- friend timing update db: start
[2025/10/24 20:36:23] 5-- relay server startup
[2025/10/24 20:36:23] 6-- root client create: 192.168.254.53
[2025/10/24 20:36:23] 7-- DBRole client create: 192.168.254.53
[2025/10/24 20:36:23] 8-- root client close: 192.168.254.53
[2025/10/24 20:36:23] 9-- gateway client create: 192.168.254.53
[2025/10/24 20:36:23] 10-- host server startup
[2025/10/24 20:36:23] 11-- tong server startup
[2025/10/24 20:36:23] 12-- chat server startup
[2025/10/24 20:36:23] 13-- SockThread start success
[2025/10/24 20:36:23] 14-- tong database open ok!
[2025/10/24 20:36:23] 15-- tongset init ok !
[2025/10/24 20:36:23] 16-- Initialize OK
[2025/10/24 20:36:34] 17-- host connect create: 192.168.254.53
[2025/10/24 20:36:34] 18-- chat connect create: 192.168.254.53
[2025/10/24 20:36:34] 19-- tong connect create: 192.168.254.53
[2025/10/24 20:36:34] 20-- host connect create: 192.168.254.2
[2025/10/24 20:36:34] 21-- chat connect create: 192.168.254.2
[2025/10/24 20:36:34] 22-- tong connect create: 192.168.254.2
[2025/10/24 20:36:34] 23-- host connect create: 192.168.254.3
[2025/10/24 20:36:34] 24-- chat connect create: 192.168.254.3
[2025/10/24 20:36:34] 25-- tong connect create: 192.168.254.3
[2025/10/24 20:36:37] 26-- host connect create: 192.168.254.4
[2025/10/24 20:36:37] 27-- chat connect create: 192.168.254.4
[2025/10/24 20:36:37] 28-- tong connect create: 192.168.254.4
[2025/10/24 20:36:46] 29-- host connect create: 192.168.254.5
[2025/10/24 20:36:46] 30-- chat connect create: 192.168.254.5
[2025/10/24 20:36:46] 31-- tong connect create: 192.168.254.5
[2025/10/24 20:37:19] 32-- load someone: DienBaQuan
[2025/10/24 20:37:19] 33-- player login: 123456 [DienBaQuan] (02FEA8C0, 00000000)
[2025/10/24 20:37:19] 34-- Query ChannelID: \S from (02FEA8C0, 00000000)
[2025/10/24 20:37:19] 35-- Create Channel: <00000002> \S50243776
[2025/10/24 20:37:19] 36-- Query ChannelID: WORLD from (02FEA8C0, 00000000)
[2025/10/24 20:37:19] 37-- Query ChannelID: \F2 from (02FEA8C0, 00000000)
[2025/10/24 20:37:19] 38-- Create Channel: <00000003> \F2
[2025/10/24 20:37:19] 39-- Query ChannelID: GM from (02FEA8C0, 00000000)
[2025/10/24 20:37:19] 40-- Query ChannelID: \B from (02FEA8C0, 00000000)
[2025/10/24 20:37:19] 41-- Create Channel: <00000004> \B50243776
[2025/10/24 20:37:19] 42-- sync friend list: DienBaQuan (full)
[2025/10/24 20:37:19] 43-- Subscribe Channel: 00000002 by (02FEA8C0,00000000)
[2025/10/24 20:37:19] 44-- Subscribe Channel: 00000001 by (02FEA8C0,00000000)
[2025/10/24 20:37:19] 45-- Subscribe Channel: 00000003 by (02FEA8C0,00000000)
[2025/10/24 20:37:19] 46-- Subscribe Channel: GM <00000000> by (02FEA8C0,00000000)
[2025/10/24 20:37:19] 47-- Subscribe Channel: 00000004 by (02FEA8C0,00000000)
[2025/10/24 20:41:25] 48-- update friend DB succeed
[2025/10/24 20:46:25] 49-- update friend DB succeed
[2025/10/24 20:51:26] 50-- update friend DB succeed
[2025/10/24 20:56:26] 51-- update friend DB succeed
[2025/10/24 21:01:26] 52-- update friend DB succeed
[2025/10/24 21:06:26] 53-- update friend DB succeed
[2025/10/24 21:11:26] 54-- update friend DB succeed
[2025/10/24 21:16:26] 55-- update friend DB succeed
[2025/10/24 21:21:26] 56-- update friend DB succeed
[2025/10/24 21:26:26] 57-- update friend DB succeed
[2025/10/24 21:31:26] 58-- update friend DB succeed
[2025/10/24 21:36:26] 59-- update friend DB succeed
[2025/10/24 21:41:26] 60-- update friend DB succeed
[2025/10/24 21:46:26] 61-- update friend DB succeed
[2025/10/24 21:51:26] 62-- update friend DB succeed
[2025/10/24 21:56:26] 63-- update friend DB succeed
[2025/10/24 22:01:26] 64-- update friend DB succeed
[2025/10/24 22:06:27] 65-- update friend DB succeed
[2025/10/24 22:11:27] 66-- update friend DB succeed
[2025/10/24 22:16:27] 67-- update friend DB succeed
[2025/10/24 22:21:27] 68-- update friend DB succeed
[2025/10/24 22:26:27] 69-- update friend DB succeed
[2025/10/24 22:31:27] 70-- update friend DB succeed
[2025/10/24 22:36:27] 71-- update friend DB succeed
[2025/10/24 22:41:27] 72-- update friend DB succeed
[2025/10/24 22:46:27] 73-- update friend DB succeed
[2025/10/24 22:51:27] 74-- update friend DB succeed
[2025/10/24 22:56:27] 75-- update friend DB succeed
[2025/10/24 23:01:27] 76-- update friend DB succeed
[2025/10/24 23:06:27] 77-- update friend DB succeed
[2025/10/24 23:11:27] 78-- update friend DB succeed
[2025/10/24 23:16:27] 79-- update friend DB succeed
[2025/10/24 23:21:27] 80-- update friend DB succeed
[2025/10/24 23:26:27] 81-- update friend DB succeed
[2025/10/24 23:31:28] 82-- update friend DB succeed
[2025/10/24 23:36:28] 83-- update friend DB succeed
[2025/10/24 23:41:28] 84-- update friend DB succeed
[2025/10/24 23:46:28] 85-- update friend DB succeed
[2025/10/24 23:51:28] 86-- update friend DB succeed
[2025/10/24 23:56:28] 87-- update friend DB succeed
[2025/10/25 00:01:28] 88-- update friend DB succeed
[2025/10/25 00:06:28] 89-- update friend DB succeed
[2025/10/25 00:11:28] 90-- update friend DB succeed
[2025/10/25 00:16:28] 91-- update friend DB succeed
[2025/10/25 00:21:28] 92-- update friend DB succeed
[2025/10/25 00:26:28] 93-- update friend DB succeed
[2025/10/25 00:31:28] 94-- update friend DB succeed
[2025/10/25 00:36:28] 95-- update friend DB succeed
[2025/10/25 00:41:28] 96-- update friend DB succeed
[2025/10/25 00:46:26] 97-- update friend DB succeed
[2025/10/25 00:51:26] 98-- update friend DB succeed
[2025/10/25 00:56:26] 99-- update friend DB succeed
[2025/10/25 01:01:26] 100-- update friend DB succeed
[2025/10/25 01:06:26] 101-- update friend DB succeed
[2025/10/25 01:11:26] 102-- update friend DB succeed
[2025/10/25 01:16:26] 103-- update friend DB succeed
[2025/10/25 01:21:26] 104-- update friend DB succeed
[2025/10/25 01:26:26] 105-- update friend DB succeed
[2025/10/25 01:31:26] 106-- update friend DB succeed
[2025/10/25 01:36:26] 107-- update friend DB succeed
[2025/10/25 01:41:26] 108-- update friend DB succeed
[2025/10/25 01:46:26] 109-- update friend DB succeed
[2025/10/25 01:51:26] 110-- update friend DB succeed
[2025/10/25 01:56:26] 111-- update friend DB succeed
[2025/10/25 02:01:26] 112-- update friend DB succeed
[2025/10/25 02:06:26] 113-- update friend DB succeed
[2025/10/25 02:11:27] 114-- update friend DB succeed
[2025/10/25 02:16:27] 115-- update friend DB succeed
[2025/10/25 02:21:27] 116-- update friend DB succeed
[2025/10/25 02:26:27] 117-- update friend DB succeed
[2025/10/25 02:31:27] 118-- update friend DB succeed
[2025/10/25 02:36:27] 119-- update friend DB succeed
[2025/10/25 02:41:27] 120-- update friend DB succeed
[2025/10/25 02:46:27] 121-- update friend DB succeed
[2025/10/25 02:51:27] 122-- update friend DB succeed
[2025/10/25 02:56:27] 123-- update friend DB succeed
[2025/10/25 03:01:27] 124-- update friend DB succeed
[2025/10/25 03:06:27] 125-- update friend DB succeed
[2025/10/25 03:11:27] 126-- update friend DB succeed
[2025/10/25 03:16:27] 127-- update friend DB succeed
[2025/10/25 03:21:27] 128-- update friend DB succeed
[2025/10/25 03:26:27] 129-- update friend DB succeed
[2025/10/25 03:31:28] 130-- update friend DB succeed
[2025/10/25 03:36:28] 131-- update friend DB succeed
[2025/10/25 03:41:28] 132-- update friend DB succeed
[2025/10/25 03:46:28] 133-- update friend DB succeed
[2025/10/25 03:51:28] 134-- update friend DB succeed
[2025/10/25 03:56:28] 135-- update friend DB succeed
[2025/10/25 04:01:28] 136-- update friend DB succeed
[2025/10/25 04:06:28] 137-- update friend DB succeed
[2025/10/25 04:11:28] 138-- update friend DB succeed
[2025/10/25 04:16:28] 139-- update friend DB succeed
[2025/10/25 04:21:29] 140-- update friend DB succeed
[2025/10/25 04:26:30] 141-- update friend DB succeed
[2025/10/25 04:31:30] 142-- update friend DB succeed
[2025/10/25 04:36:30] 143-- update friend DB succeed
[2025/10/25 04:41:27] 144-- update friend DB succeed
[2025/10/25 04:46:27] 145-- update friend DB succeed
[2025/10/25 04:51:27] 146-- update friend DB succeed
[2025/10/25 04:56:27] 147-- update friend DB succeed
[2025/10/25 05:01:27] 148-- update friend DB succeed
[2025/10/25 05:06:27] 149-- update friend DB succeed
[2025/10/25 05:11:27] 150-- update friend DB succeed
[2025/10/25 05:16:27] 151-- update friend DB succeed
[2025/10/25 05:21:27] 152-- update friend DB succeed
[2025/10/25 05:26:27] 153-- update friend DB succeed
[2025/10/25 05:31:27] 154-- update friend DB succeed
[2025/10/25 05:36:27] 155-- update friend DB succeed
[2025/10/25 05:41:28] 156-- update friend DB succeed
[2025/10/25 05:46:28] 157-- update friend DB succeed
[2025/10/25 05:51:28] 158-- update friend DB succeed
[2025/10/25 05:56:28] 159-- update friend DB succeed
[2025/10/25 06:01:28] 160-- update friend DB succeed
[2025/10/25 06:06:28] 161-- update friend DB succeed
[2025/10/25 06:11:28] 162-- update friend DB succeed
[2025/10/25 06:16:28] 163-- update friend DB succeed
[2025/10/25 06:21:28] 164-- update friend DB succeed
[2025/10/25 06:26:28] 165-- update friend DB succeed
[2025/10/25 06:31:28] 166-- update friend DB succeed
[2025/10/25 06:36:28] 167-- update friend DB succeed
[2025/10/25 06:41:28] 168-- update friend DB succeed
[2025/10/25 06:46:28] 169-- update friend DB succeed
[2025/10/25 06:51:28] 170-- update friend DB succeed
[2025/10/25 06:56:28] 171-- update friend DB succeed
[2025/10/25 07:01:29] 172-- update friend DB succeed
[2025/10/25 07:06:29] 173-- update friend DB succeed
[2025/10/25 07:11:29] 174-- update friend DB succeed
[2025/10/25 07:16:29] 175-- update friend DB succeed
[2025/10/25 07:21:29] 176-- update friend DB succeed
[2025/10/25 07:26:29] 177-- update friend DB succeed
[2025/10/25 07:31:29] 178-- update friend DB succeed
[2025/10/25 07:36:29] 179-- update friend DB succeed
[2025/10/25 07:41:29] 180-- update friend DB succeed
[2025/10/25 07:46:29] 181-- update friend DB succeed
[2025/10/25 07:51:29] 182-- update friend DB succeed
[2025/10/25 07:56:29] 183-- update friend DB succeed
[2025/10/25 08:01:29] 184-- update friend DB succeed
[2025/10/25 08:06:29] 185-- update friend DB succeed
[2025/10/25 08:11:30] 186-- update friend DB succeed
[2025/10/25 08:16:30] 187-- update friend DB succeed
[2025/10/25 08:21:30] 188-- update friend DB succeed
[2025/10/25 08:26:30] 189-- update friend DB succeed
[2025/10/25 08:31:30] 190-- update friend DB succeed
[2025/10/25 08:36:30] 191-- update friend DB succeed
[2025/10/25 08:41:30] 192-- update friend DB succeed
[2025/10/25 08:46:30] 193-- update friend DB succeed
[2025/10/25 08:51:27] 194-- update friend DB succeed
[2025/10/25 08:56:27] 195-- update friend DB succeed
[2025/10/25 09:01:27] 196-- update friend DB succeed
[2025/10/25 09:06:27] 197-- update friend DB succeed
[2025/10/25 09:11:27] 198-- update friend DB succeed
[2025/10/25 09:16:27] 199-- update friend DB succeed
[2025/10/25 09:21:27] 200-- update friend DB succeed
[2025/10/25 09:26:27] 201-- update friend DB succeed
[2025/10/25 09:31:27] 202-- update friend DB succeed
[2025/10/25 09:36:28] 203-- update friend DB succeed
[2025/10/25 09:41:28] 204-- update friend DB succeed
[2025/10/25 09:46:28] 205-- update friend DB succeed
[2025/10/25 09:51:28] 206-- update friend DB succeed
[2025/10/25 09:56:28] 207-- update friend DB succeed
[2025/10/25 10:01:28] 208-- update friend DB succeed
[2025/10/25 10:06:28] 209-- update friend DB succeed
[2025/10/25 10:11:28] 210-- update friend DB succeed
[2025/10/25 10:16:28] 211-- update friend DB succeed
[2025/10/25 10:21:28] 212-- update friend DB succeed
[2025/10/25 10:26:28] 213-- update friend DB succeed
[2025/10/25 10:31:28] 214-- update friend DB succeed
[2025/10/25 10:36:28] 215-- update friend DB succeed
[2025/10/25 10:41:28] 216-- update friend DB succeed
[2025/10/25 10:46:29] 217-- update friend DB succeed
[2025/10/25 10:51:29] 218-- update friend DB succeed
[2025/10/25 10:56:29] 219-- update friend DB succeed
[2025/10/25 11:01:29] 220-- update friend DB succeed
[2025/10/25 11:06:29] 221-- update friend DB succeed
[2025/10/25 11:11:29] 222-- update friend DB succeed
[2025/10/25 11:16:29] 223-- update friend DB succeed
[2025/10/25 11:21:29] 224-- update friend DB succeed
[2025/10/25 11:26:29] 225-- update friend DB succeed
[2025/10/25 11:31:29] 226-- update friend DB succeed
[2025/10/25 11:36:29] 227-- update friend DB succeed
[2025/10/25 11:41:29] 228-- update friend DB succeed
[2025/10/25 11:46:30] 229-- update friend DB succeed
[2025/10/25 11:51:30] 230-- update friend DB succeed
[2025/10/25 11:56:30] 231-- update friend DB succeed
[2025/10/25 12:01:30] 232-- update friend DB succeed
[2025/10/25 12:06:30] 233-- update friend DB succeed
[2025/10/25 12:11:27] 234-- update friend DB succeed
[2025/10/25 12:16:27] 235-- update friend DB succeed
[2025/10/25 12:21:27] 236-- update friend DB succeed
[2025/10/25 12:26:27] 237-- update friend DB succeed
[2025/10/25 12:31:27] 238-- update friend DB succeed
[2025/10/25 12:36:27] 239-- update friend DB succeed
[2025/10/25 12:41:27] 240-- update friend DB succeed
[2025/10/25 12:46:27] 241-- update friend DB succeed
[2025/10/25 12:51:27] 242-- update friend DB succeed
[2025/10/25 12:56:27] 243-- update friend DB succeed
[2025/10/25 13:01:04] 244-- Destroy Channel: <00000002> \S50243776
[2025/10/25 13:01:04] 245-- Destroy Channel: <00000003> \F2
[2025/10/25 13:01:04] 246-- Destroy Channel: <00000004> \B50243776
[2025/10/25 13:01:04] 247-- player logout: 123456
[2025/10/25 13:01:25] 248-- player login: 123456 [DienBaQuan] (02FEA8C0, 00000001)
[2025/10/25 13:01:25] 249-- Query ChannelID: \S from (02FEA8C0, 00000001)
[2025/10/25 13:01:25] 250-- Create Channel: <00000005> \S50243776
[2025/10/25 13:01:25] 251-- Query ChannelID: WORLD from (02FEA8C0, 00000001)
[2025/10/25 13:01:25] 252-- Query ChannelID: \F2 from (02FEA8C0, 00000001)
[2025/10/25 13:01:25] 253-- Create Channel: <00000006> \F2
[2025/10/25 13:01:25] 254-- Query ChannelID: GM from (02FEA8C0, 00000001)
[2025/10/25 13:01:25] 255-- Query ChannelID: \B from (02FEA8C0, 00000001)
[2025/10/25 13:01:25] 256-- Create Channel: <00000007> \B50243776
[2025/10/25 13:01:25] 257-- sync friend list: DienBaQuan (full)
[2025/10/25 13:01:25] 258-- Subscribe Channel: 00000005 by (02FEA8C0,00000001)
[2025/10/25 13:01:25] 259-- Subscribe Channel: 00000001 by (02FEA8C0,00000001)
[2025/10/25 13:01:25] 260-- Subscribe Channel: 00000006 by (02FEA8C0,00000001)
[2025/10/25 13:01:25] 261-- Subscribe Channel: GM <00000000> by (02FEA8C0,00000001)
[2025/10/25 13:01:25] 262-- Subscribe Channel: 00000007 by (02FEA8C0,00000001)
[2025/10/25 13:01:28] 263-- update friend DB succeed
[2025/10/25 13:06:28] 264-- update friend DB succeed
[2025/10/25 13:11:28] 265-- update friend DB succeed
[2025/10/25 13:16:28] 266-- update friend DB succeed
[2025/10/25 13:21:28] 267-- update friend DB succeed
[2025/10/25 13:26:28] 268-- update friend DB succeed
[2025/10/25 13:31:28] 269-- update friend DB succeed
[2025/10/25 13:36:28] 270-- update friend DB succeed
